[2023-03-02T21:48:20.696+0000] {taskinstance.py:1083} INFO - Dependencies all met for <TaskInstance: convert_csv_in_excel.main manual__2023-03-02T21:48:17.687968+00:00 [queued]>
[2023-03-02T21:48:20.718+0000] {taskinstance.py:1083} INFO - Dependencies all met for <TaskInstance: convert_csv_in_excel.main manual__2023-03-02T21:48:17.687968+00:00 [queued]>
[2023-03-02T21:48:20.718+0000] {taskinstance.py:1279} INFO - 
--------------------------------------------------------------------------------
[2023-03-02T21:48:20.719+0000] {taskinstance.py:1280} INFO - Starting attempt 1 of 1
[2023-03-02T21:48:20.719+0000] {taskinstance.py:1281} INFO - 
--------------------------------------------------------------------------------
[2023-03-02T21:48:20.765+0000] {taskinstance.py:1300} INFO - Executing <Task(PythonOperator): main> on 2023-03-02 21:48:17.687968+00:00
[2023-03-02T21:48:20.782+0000] {standard_task_runner.py:55} INFO - Started process 596 to run task
[2023-03-02T21:48:20.792+0000] {standard_task_runner.py:82} INFO - Running: ['***', 'tasks', 'run', 'convert_csv_in_excel', 'main', 'manual__2023-03-02T21:48:17.687968+00:00', '--job-id', '137', '--raw', '--subdir', 'DAGS_FOLDER/convert_csv_in_excel.py', '--cfg-path', '/tmp/tmpxi7f_o3i']
[2023-03-02T21:48:20.793+0000] {standard_task_runner.py:83} INFO - Job 137: Subtask main
[2023-03-02T21:48:20.964+0000] {task_command.py:388} INFO - Running <TaskInstance: convert_csv_in_excel.main manual__2023-03-02T21:48:17.687968+00:00 [running]> on host 0c2075492ff2
[2023-03-02T21:48:21.138+0000] {taskinstance.py:1509} INFO - Exporting the following env vars:
AIRFLOW_CTX_DAG_OWNER=***
AIRFLOW_CTX_DAG_ID=convert_csv_in_excel
AIRFLOW_CTX_TASK_ID=main
AIRFLOW_CTX_EXECUTION_DATE=2023-03-02T21:48:17.687968+00:00
AIRFLOW_CTX_TRY_NUMBER=1
AIRFLOW_CTX_DAG_RUN_ID=manual__2023-03-02T21:48:17.687968+00:00
[2023-03-02T21:51:48.451+0000] {python.py:177} INFO - Done. Returned value was: Success
[2023-03-02T21:51:48.505+0000] {taskinstance.py:1323} INFO - Marking task as SUCCESS. dag_id=convert_csv_in_excel, task_id=main, execution_date=20230302T214817, start_date=20230302T214820, end_date=20230302T215148
[2023-03-02T21:51:48.842+0000] {local_task_job.py:208} INFO - Task exited with return code 0
[2023-03-02T21:51:48.883+0000] {taskinstance.py:2578} INFO - 0 downstream tasks scheduled from follow-on schedule check
