[2023-03-01T00:47:58.810+0000] {taskinstance.py:1083} INFO - Dependencies all met for <TaskInstance: save_date_in_file_txt.print_date manual__2023-03-01T00:47:56.834752+00:00 [queued]>
[2023-03-01T00:47:58.830+0000] {taskinstance.py:1083} INFO - Dependencies all met for <TaskInstance: save_date_in_file_txt.print_date manual__2023-03-01T00:47:56.834752+00:00 [queued]>
[2023-03-01T00:47:58.830+0000] {taskinstance.py:1279} INFO - 
--------------------------------------------------------------------------------
[2023-03-01T00:47:58.831+0000] {taskinstance.py:1280} INFO - Starting attempt 1 of 1
[2023-03-01T00:47:58.831+0000] {taskinstance.py:1281} INFO - 
--------------------------------------------------------------------------------
[2023-03-01T00:47:58.870+0000] {taskinstance.py:1300} INFO - Executing <Task(BashOperator): print_date> on 2023-03-01 00:47:56.834752+00:00
[2023-03-01T00:47:58.883+0000] {standard_task_runner.py:55} INFO - Started process 290 to run task
[2023-03-01T00:47:58.895+0000] {standard_task_runner.py:82} INFO - Running: ['***', 'tasks', 'run', 'save_date_in_file_txt', 'print_date', 'manual__2023-03-01T00:47:56.834752+00:00', '--job-id', '47', '--raw', '--subdir', 'DAGS_FOLDER/print_date_file.py', '--cfg-path', '/tmp/tmphhoaxg1q']
[2023-03-01T00:47:58.896+0000] {standard_task_runner.py:83} INFO - Job 47: Subtask print_date
[2023-03-01T00:47:59.072+0000] {task_command.py:388} INFO - Running <TaskInstance: save_date_in_file_txt.print_date manual__2023-03-01T00:47:56.834752+00:00 [running]> on host 60fce3bd3be2
[2023-03-01T00:47:59.247+0000] {taskinstance.py:1509} INFO - Exporting the following env vars:
AIRFLOW_CTX_DAG_OWNER=***
AIRFLOW_CTX_DAG_ID=save_date_in_file_txt
AIRFLOW_CTX_TASK_ID=print_date
AIRFLOW_CTX_EXECUTION_DATE=2023-03-01T00:47:56.834752+00:00
AIRFLOW_CTX_TRY_NUMBER=1
AIRFLOW_CTX_DAG_RUN_ID=manual__2023-03-01T00:47:56.834752+00:00
[2023-03-01T00:47:59.249+0000] {subprocess.py:63} INFO - Tmp dir root location: 
 /tmp
[2023-03-01T00:47:59.250+0000] {subprocess.py:75} INFO - Running command: ['/bin/bash', '-c', 'date']
[2023-03-01T00:47:59.275+0000] {subprocess.py:86} INFO - Output:
[2023-03-01T00:47:59.282+0000] {subprocess.py:93} INFO - Wed Mar  1 00:47:59 UTC 2023
[2023-03-01T00:47:59.282+0000] {subprocess.py:97} INFO - Command exited with return code 0
[2023-03-01T00:47:59.346+0000] {taskinstance.py:1323} INFO - Marking task as SUCCESS. dag_id=save_date_in_file_txt, task_id=print_date, execution_date=20230301T004756, start_date=20230301T004758, end_date=20230301T004759
[2023-03-01T00:47:59.430+0000] {local_task_job.py:208} INFO - Task exited with return code 0
[2023-03-01T00:47:59.504+0000] {taskinstance.py:2578} INFO - 1 downstream tasks scheduled from follow-on schedule check
