[2023-02-28T23:57:13.016+0000] {taskinstance.py:1083} INFO - Dependencies all met for <TaskInstance: save_date_in_file_txt.sleep manual__2023-02-28T23:57:05.252853+00:00 [queued]>
[2023-02-28T23:57:13.039+0000] {taskinstance.py:1083} INFO - Dependencies all met for <TaskInstance: save_date_in_file_txt.sleep manual__2023-02-28T23:57:05.252853+00:00 [queued]>
[2023-02-28T23:57:13.040+0000] {taskinstance.py:1279} INFO - 
--------------------------------------------------------------------------------
[2023-02-28T23:57:13.040+0000] {taskinstance.py:1280} INFO - Starting attempt 1 of 4
[2023-02-28T23:57:13.040+0000] {taskinstance.py:1281} INFO - 
--------------------------------------------------------------------------------
[2023-02-28T23:57:13.088+0000] {taskinstance.py:1300} INFO - Executing <Task(BashOperator): sleep> on 2023-02-28 23:57:05.252853+00:00
[2023-02-28T23:57:13.110+0000] {standard_task_runner.py:55} INFO - Started process 384 to run task
[2023-02-28T23:57:13.133+0000] {standard_task_runner.py:82} INFO - Running: ['***', 'tasks', 'run', 'save_date_in_file_txt', 'sleep', 'manual__2023-02-28T23:57:05.252853+00:00', '--job-id', '23', '--raw', '--subdir', 'DAGS_FOLDER/print_date_file.py', '--cfg-path', '/tmp/tmp1vpidbnn']
[2023-02-28T23:57:13.138+0000] {standard_task_runner.py:83} INFO - Job 23: Subtask sleep
[2023-02-28T23:57:13.366+0000] {task_command.py:388} INFO - Running <TaskInstance: save_date_in_file_txt.sleep manual__2023-02-28T23:57:05.252853+00:00 [running]> on host 2b079ebcb28b
[2023-02-28T23:57:13.879+0000] {taskinstance.py:1509} INFO - Exporting the following env vars:
AIRFLOW_CTX_DAG_OWNER=***
AIRFLOW_CTX_DAG_ID=save_date_in_file_txt
AIRFLOW_CTX_TASK_ID=sleep
AIRFLOW_CTX_EXECUTION_DATE=2023-02-28T23:57:05.252853+00:00
AIRFLOW_CTX_TRY_NUMBER=1
AIRFLOW_CTX_DAG_RUN_ID=manual__2023-02-28T23:57:05.252853+00:00
[2023-02-28T23:57:13.883+0000] {subprocess.py:63} INFO - Tmp dir root location: 
 /tmp
[2023-02-28T23:57:13.885+0000] {subprocess.py:75} INFO - Running command: ['/bin/bash', '-c', 'sleep 5']
[2023-02-28T23:57:13.987+0000] {subprocess.py:86} INFO - Output:
[2023-02-28T23:57:19.008+0000] {subprocess.py:97} INFO - Command exited with return code 0
[2023-02-28T23:57:19.114+0000] {taskinstance.py:1323} INFO - Marking task as SUCCESS. dag_id=save_date_in_file_txt, task_id=sleep, execution_date=20230228T235705, start_date=20230228T235713, end_date=20230228T235719
[2023-02-28T23:57:19.157+0000] {local_task_job.py:208} INFO - Task exited with return code 0
[2023-02-28T23:57:19.212+0000] {taskinstance.py:2578} INFO - 1 downstream tasks scheduled from follow-on schedule check
