[2023-02-28T01:03:54.790+0000] {taskinstance.py:1083} INFO - Dependencies all met for <TaskInstance: save_date_in_file_txt.print_date manual__2023-02-28T01:03:52.472606+00:00 [queued]>
[2023-02-28T01:03:54.812+0000] {taskinstance.py:1083} INFO - Dependencies all met for <TaskInstance: save_date_in_file_txt.print_date manual__2023-02-28T01:03:52.472606+00:00 [queued]>
[2023-02-28T01:03:54.812+0000] {taskinstance.py:1279} INFO - 
--------------------------------------------------------------------------------
[2023-02-28T01:03:54.813+0000] {taskinstance.py:1280} INFO - Starting attempt 1 of 1
[2023-02-28T01:03:54.813+0000] {taskinstance.py:1281} INFO - 
--------------------------------------------------------------------------------
[2023-02-28T01:03:54.870+0000] {taskinstance.py:1300} INFO - Executing <Task(BashOperator): print_date> on 2023-02-28 01:03:52.472606+00:00
[2023-02-28T01:03:54.885+0000] {standard_task_runner.py:55} INFO - Started process 722 to run task
[2023-02-28T01:03:54.887+0000] {standard_task_runner.py:82} INFO - Running: ['***', 'tasks', 'run', 'save_date_in_file_txt', 'print_date', 'manual__2023-02-28T01:03:52.472606+00:00', '--job-id', '11', '--raw', '--subdir', 'DAGS_FOLDER/print_date_file.py', '--cfg-path', '/tmp/tmprbq4u76i']
[2023-02-28T01:03:54.888+0000] {standard_task_runner.py:83} INFO - Job 11: Subtask print_date
[2023-02-28T01:03:55.050+0000] {task_command.py:388} INFO - Running <TaskInstance: save_date_in_file_txt.print_date manual__2023-02-28T01:03:52.472606+00:00 [running]> on host aca83939d072
[2023-02-28T01:03:55.299+0000] {taskinstance.py:1509} INFO - Exporting the following env vars:
AIRFLOW_CTX_DAG_OWNER=***
AIRFLOW_CTX_DAG_ID=save_date_in_file_txt
AIRFLOW_CTX_TASK_ID=print_date
AIRFLOW_CTX_EXECUTION_DATE=2023-02-28T01:03:52.472606+00:00
AIRFLOW_CTX_TRY_NUMBER=1
AIRFLOW_CTX_DAG_RUN_ID=manual__2023-02-28T01:03:52.472606+00:00
[2023-02-28T01:03:55.304+0000] {subprocess.py:63} INFO - Tmp dir root location: 
 /tmp
[2023-02-28T01:03:55.305+0000] {subprocess.py:75} INFO - Running command: ['/bin/bash', '-c', 'date']
[2023-02-28T01:03:55.348+0000] {subprocess.py:86} INFO - Output:
[2023-02-28T01:03:55.358+0000] {subprocess.py:93} INFO - Tue Feb 28 01:03:55 UTC 2023
[2023-02-28T01:03:55.361+0000] {subprocess.py:97} INFO - Command exited with return code 0
[2023-02-28T01:03:55.450+0000] {taskinstance.py:1323} INFO - Marking task as SUCCESS. dag_id=save_date_in_file_txt, task_id=print_date, execution_date=20230228T010352, start_date=20230228T010354, end_date=20230228T010355
[2023-02-28T01:03:55.518+0000] {local_task_job.py:208} INFO - Task exited with return code 0
[2023-02-28T01:03:55.593+0000] {taskinstance.py:2578} INFO - 1 downstream tasks scheduled from follow-on schedule check
