[2023-03-02T21:51:50.146+0000] {taskinstance.py:1083} INFO - Dependencies all met for <TaskInstance: convert_csv_in_excel.sleep manual__2023-03-02T21:48:17.687968+00:00 [queued]>
[2023-03-02T21:51:50.158+0000] {taskinstance.py:1083} INFO - Dependencies all met for <TaskInstance: convert_csv_in_excel.sleep manual__2023-03-02T21:48:17.687968+00:00 [queued]>
[2023-03-02T21:51:50.159+0000] {taskinstance.py:1279} INFO - 
--------------------------------------------------------------------------------
[2023-03-02T21:51:50.159+0000] {taskinstance.py:1280} INFO - Starting attempt 1 of 4
[2023-03-02T21:51:50.159+0000] {taskinstance.py:1281} INFO - 
--------------------------------------------------------------------------------
[2023-03-02T21:51:50.177+0000] {taskinstance.py:1300} INFO - Executing <Task(BashOperator): sleep> on 2023-03-02 21:48:17.687968+00:00
[2023-03-02T21:51:50.184+0000] {standard_task_runner.py:55} INFO - Started process 770 to run task
[2023-03-02T21:51:50.187+0000] {standard_task_runner.py:82} INFO - Running: ['***', 'tasks', 'run', 'convert_csv_in_excel', 'sleep', 'manual__2023-03-02T21:48:17.687968+00:00', '--job-id', '138', '--raw', '--subdir', 'DAGS_FOLDER/convert_csv_in_excel.py', '--cfg-path', '/tmp/tmp8ge5gdk1']
[2023-03-02T21:51:50.188+0000] {standard_task_runner.py:83} INFO - Job 138: Subtask sleep
[2023-03-02T21:51:50.263+0000] {task_command.py:388} INFO - Running <TaskInstance: convert_csv_in_excel.sleep manual__2023-03-02T21:48:17.687968+00:00 [running]> on host 0c2075492ff2
[2023-03-02T21:51:50.351+0000] {taskinstance.py:1509} INFO - Exporting the following env vars:
AIRFLOW_CTX_DAG_OWNER=***
AIRFLOW_CTX_DAG_ID=convert_csv_in_excel
AIRFLOW_CTX_TASK_ID=sleep
AIRFLOW_CTX_EXECUTION_DATE=2023-03-02T21:48:17.687968+00:00
AIRFLOW_CTX_TRY_NUMBER=1
AIRFLOW_CTX_DAG_RUN_ID=manual__2023-03-02T21:48:17.687968+00:00
[2023-03-02T21:51:50.357+0000] {subprocess.py:63} INFO - Tmp dir root location: 
 /tmp
[2023-03-02T21:51:50.357+0000] {subprocess.py:75} INFO - Running command: ['/bin/bash', '-c', 'sleep 5']
[2023-03-02T21:51:50.374+0000] {subprocess.py:86} INFO - Output:
[2023-03-02T21:51:55.382+0000] {subprocess.py:97} INFO - Command exited with return code 0
[2023-03-02T21:51:55.420+0000] {taskinstance.py:1323} INFO - Marking task as SUCCESS. dag_id=convert_csv_in_excel, task_id=sleep, execution_date=20230302T214817, start_date=20230302T215150, end_date=20230302T215155
[2023-03-02T21:51:55.456+0000] {local_task_job.py:208} INFO - Task exited with return code 0
[2023-03-02T21:51:55.476+0000] {taskinstance.py:2578} INFO - 0 downstream tasks scheduled from follow-on schedule check
