[2023-03-02T20:33:36.875+0000] {taskinstance.py:1083} INFO - Dependencies all met for <TaskInstance: convert_csv_in_excel.make_directory manual__2023-03-02T20:33:33.296287+00:00 [queued]>
[2023-03-02T20:33:36.891+0000] {taskinstance.py:1083} INFO - Dependencies all met for <TaskInstance: convert_csv_in_excel.make_directory manual__2023-03-02T20:33:33.296287+00:00 [queued]>
[2023-03-02T20:33:36.891+0000] {taskinstance.py:1279} INFO - 
--------------------------------------------------------------------------------
[2023-03-02T20:33:36.892+0000] {taskinstance.py:1280} INFO - Starting attempt 1 of 1
[2023-03-02T20:33:36.892+0000] {taskinstance.py:1281} INFO - 
--------------------------------------------------------------------------------
[2023-03-02T20:33:36.914+0000] {taskinstance.py:1300} INFO - Executing <Task(BashOperator): make_directory> on 2023-03-02 20:33:33.296287+00:00
[2023-03-02T20:33:36.925+0000] {standard_task_runner.py:55} INFO - Started process 268 to run task
[2023-03-02T20:33:36.932+0000] {standard_task_runner.py:82} INFO - Running: ['***', 'tasks', 'run', 'convert_csv_in_excel', 'make_directory', 'manual__2023-03-02T20:33:33.296287+00:00', '--job-id', '96', '--raw', '--subdir', 'DAGS_FOLDER/convert_csv_in_excel.py', '--cfg-path', '/tmp/tmp8ukky17q']
[2023-03-02T20:33:36.933+0000] {standard_task_runner.py:83} INFO - Job 96: Subtask make_directory
[2023-03-02T20:33:37.037+0000] {task_command.py:388} INFO - Running <TaskInstance: convert_csv_in_excel.make_directory manual__2023-03-02T20:33:33.296287+00:00 [running]> on host d28bc369eb67
[2023-03-02T20:33:37.145+0000] {taskinstance.py:1509} INFO - Exporting the following env vars:
AIRFLOW_CTX_DAG_OWNER=***
AIRFLOW_CTX_DAG_ID=convert_csv_in_excel
AIRFLOW_CTX_TASK_ID=make_directory
AIRFLOW_CTX_EXECUTION_DATE=2023-03-02T20:33:33.296287+00:00
AIRFLOW_CTX_TRY_NUMBER=1
AIRFLOW_CTX_DAG_RUN_ID=manual__2023-03-02T20:33:33.296287+00:00
[2023-03-02T20:33:37.149+0000] {subprocess.py:63} INFO - Tmp dir root location: 
 /tmp
[2023-03-02T20:33:37.149+0000] {subprocess.py:75} INFO - Running command: ['/bin/bash', '-c', 'mkdir -p /opt/***/data']
[2023-03-02T20:33:37.181+0000] {subprocess.py:86} INFO - Output:
[2023-03-02T20:33:37.192+0000] {subprocess.py:97} INFO - Command exited with return code 0
[2023-03-02T20:33:37.264+0000] {taskinstance.py:1323} INFO - Marking task as SUCCESS. dag_id=convert_csv_in_excel, task_id=make_directory, execution_date=20230302T203333, start_date=20230302T203336, end_date=20230302T203337
[2023-03-02T20:33:37.344+0000] {local_task_job.py:208} INFO - Task exited with return code 0
[2023-03-02T20:33:37.414+0000] {taskinstance.py:2578} INFO - 0 downstream tasks scheduled from follow-on schedule check
