[2023-03-02T21:28:25.491+0000] {taskinstance.py:1083} INFO - Dependencies all met for <TaskInstance: convert_csv_in_excel.main manual__2023-03-02T21:28:23.605995+00:00 [queued]>
[2023-03-02T21:28:25.511+0000] {taskinstance.py:1083} INFO - Dependencies all met for <TaskInstance: convert_csv_in_excel.main manual__2023-03-02T21:28:23.605995+00:00 [queued]>
[2023-03-02T21:28:25.512+0000] {taskinstance.py:1279} INFO - 
--------------------------------------------------------------------------------
[2023-03-02T21:28:25.512+0000] {taskinstance.py:1280} INFO - Starting attempt 1 of 1
[2023-03-02T21:28:25.512+0000] {taskinstance.py:1281} INFO - 
--------------------------------------------------------------------------------
[2023-03-02T21:28:25.550+0000] {taskinstance.py:1300} INFO - Executing <Task(PythonOperator): main> on 2023-03-02 21:28:23.605995+00:00
[2023-03-02T21:28:25.559+0000] {standard_task_runner.py:55} INFO - Started process 1565 to run task
[2023-03-02T21:28:25.566+0000] {standard_task_runner.py:82} INFO - Running: ['***', 'tasks', 'run', 'convert_csv_in_excel', 'main', 'manual__2023-03-02T21:28:23.605995+00:00', '--job-id', '131', '--raw', '--subdir', 'DAGS_FOLDER/convert_csv_in_excel.py', '--cfg-path', '/tmp/tmpk_3jbctv']
[2023-03-02T21:28:25.567+0000] {standard_task_runner.py:83} INFO - Job 131: Subtask main
[2023-03-02T21:28:25.674+0000] {task_command.py:388} INFO - Running <TaskInstance: convert_csv_in_excel.main manual__2023-03-02T21:28:23.605995+00:00 [running]> on host d28bc369eb67
[2023-03-02T21:28:25.795+0000] {taskinstance.py:1509} INFO - Exporting the following env vars:
AIRFLOW_CTX_DAG_OWNER=***
AIRFLOW_CTX_DAG_ID=convert_csv_in_excel
AIRFLOW_CTX_TASK_ID=main
AIRFLOW_CTX_EXECUTION_DATE=2023-03-02T21:28:23.605995+00:00
AIRFLOW_CTX_TRY_NUMBER=1
AIRFLOW_CTX_DAG_RUN_ID=manual__2023-03-02T21:28:23.605995+00:00
[2023-03-02T21:28:26.635+0000] {warnings.py:110} WARNING - /home/***/.local/lib/python3.7/site-packages/***/operators/python.py:192: DtypeWarning: Columns (7,8,11,13,31,43,44) have mixed types.Specify dtype option on import or set low_memory=False.
  return self.python_callable(*self.op_args, **self.op_kwargs)

[2023-03-02T21:28:26.730+0000] {python.py:177} INFO - Done. Returned value was: Test
[2023-03-02T21:28:26.765+0000] {taskinstance.py:1323} INFO - Marking task as SUCCESS. dag_id=convert_csv_in_excel, task_id=main, execution_date=20230302T212823, start_date=20230302T212825, end_date=20230302T212826
[2023-03-02T21:28:26.823+0000] {local_task_job.py:208} INFO - Task exited with return code 0
[2023-03-02T21:28:26.855+0000] {taskinstance.py:2578} INFO - 1 downstream tasks scheduled from follow-on schedule check
