[2023-03-02T21:17:17.930+0000] {taskinstance.py:1083} INFO - Dependencies all met for <TaskInstance: convert_csv_in_excel.main manual__2023-03-02T21:17:13.590005+00:00 [queued]>
[2023-03-02T21:17:17.948+0000] {taskinstance.py:1083} INFO - Dependencies all met for <TaskInstance: convert_csv_in_excel.main manual__2023-03-02T21:17:13.590005+00:00 [queued]>
[2023-03-02T21:17:17.948+0000] {taskinstance.py:1279} INFO - 
--------------------------------------------------------------------------------
[2023-03-02T21:17:17.948+0000] {taskinstance.py:1280} INFO - Starting attempt 1 of 1
[2023-03-02T21:17:17.948+0000] {taskinstance.py:1281} INFO - 
--------------------------------------------------------------------------------
[2023-03-02T21:17:17.978+0000] {taskinstance.py:1300} INFO - Executing <Task(PythonOperator): main> on 2023-03-02 21:17:13.590005+00:00
[2023-03-02T21:17:17.988+0000] {standard_task_runner.py:55} INFO - Started process 936 to run task
[2023-03-02T21:17:17.992+0000] {standard_task_runner.py:82} INFO - Running: ['***', 'tasks', 'run', 'convert_csv_in_excel', 'main', 'manual__2023-03-02T21:17:13.590005+00:00', '--job-id', '120', '--raw', '--subdir', 'DAGS_FOLDER/convert_csv_in_excel.py', '--cfg-path', '/tmp/tmp56ymyif0']
[2023-03-02T21:17:17.993+0000] {standard_task_runner.py:83} INFO - Job 120: Subtask main
[2023-03-02T21:17:18.072+0000] {task_command.py:388} INFO - Running <TaskInstance: convert_csv_in_excel.main manual__2023-03-02T21:17:13.590005+00:00 [running]> on host d28bc369eb67
[2023-03-02T21:17:18.226+0000] {taskinstance.py:1509} INFO - Exporting the following env vars:
AIRFLOW_CTX_DAG_OWNER=***
AIRFLOW_CTX_DAG_ID=convert_csv_in_excel
AIRFLOW_CTX_TASK_ID=main
AIRFLOW_CTX_EXECUTION_DATE=2023-03-02T21:17:13.590005+00:00
AIRFLOW_CTX_TRY_NUMBER=1
AIRFLOW_CTX_DAG_RUN_ID=manual__2023-03-02T21:17:13.590005+00:00
[2023-03-02T21:17:19.062+0000] {warnings.py:110} WARNING - /home/***/.local/lib/python3.7/site-packages/***/operators/python.py:192: DtypeWarning: Columns (7,8,11,13,31,43,44) have mixed types.Specify dtype option on import or set low_memory=False.
  return self.python_callable(*self.op_args, **self.op_kwargs)

[2023-03-02T21:17:19.219+0000] {logging_mixin.py:137} INFO -         Mission ID Mission Date  ... Bomb Damage Assessment Source ID
0                1    8/15/1943  ...                    NaN       NaN
1                2    8/15/1943  ...                    NaN    9366.0
2                3    8/15/1943  ...                    NaN       NaN
3                4    8/15/1943  ...                    NaN       NaN
4                5    8/15/1943  ...                    NaN   22585.0
...            ...          ...  ...                    ...       ...
178276      178738    2/16/1945  ...                    NaN   35815.0
178277      178739    2/16/1945  ...                    NaN   35020.0
178278      178740    2/16/1945  ...                    NaN   35022.0
178279      178741    2/16/1945  ...                    NaN       NaN
178280      178742    2/16/1945  ...                    NaN   33784.0

[178281 rows x 46 columns]
[2023-03-02T21:17:19.252+0000] {python.py:177} INFO - Done. Returned value was: Success
[2023-03-02T21:17:19.300+0000] {taskinstance.py:1323} INFO - Marking task as SUCCESS. dag_id=convert_csv_in_excel, task_id=main, execution_date=20230302T211713, start_date=20230302T211717, end_date=20230302T211719
[2023-03-02T21:17:19.382+0000] {local_task_job.py:208} INFO - Task exited with return code 0
[2023-03-02T21:17:19.429+0000] {taskinstance.py:2578} INFO - 1 downstream tasks scheduled from follow-on schedule check
