[2023-02-28T01:19:21.760+0000] {taskinstance.py:1083} INFO - Dependencies all met for <TaskInstance: save_date_in_file_txt.print_date manual__2023-02-28T01:19:19.576500+00:00 [queued]>
[2023-02-28T01:19:21.779+0000] {taskinstance.py:1083} INFO - Dependencies all met for <TaskInstance: save_date_in_file_txt.print_date manual__2023-02-28T01:19:19.576500+00:00 [queued]>
[2023-02-28T01:19:21.779+0000] {taskinstance.py:1279} INFO - 
--------------------------------------------------------------------------------
[2023-02-28T01:19:21.779+0000] {taskinstance.py:1280} INFO - Starting attempt 1 of 1
[2023-02-28T01:19:21.779+0000] {taskinstance.py:1281} INFO - 
--------------------------------------------------------------------------------
[2023-02-28T01:19:21.827+0000] {taskinstance.py:1300} INFO - Executing <Task(BashOperator): print_date> on 2023-02-28 01:19:19.576500+00:00
[2023-02-28T01:19:21.838+0000] {standard_task_runner.py:55} INFO - Started process 1548 to run task
[2023-02-28T01:19:21.856+0000] {standard_task_runner.py:82} INFO - Running: ['***', 'tasks', 'run', 'save_date_in_file_txt', 'print_date', 'manual__2023-02-28T01:19:19.576500+00:00', '--job-id', '15', '--raw', '--subdir', 'DAGS_FOLDER/print_date_file.py', '--cfg-path', '/tmp/tmpn5b6j4o7']
[2023-02-28T01:19:21.857+0000] {standard_task_runner.py:83} INFO - Job 15: Subtask print_date
[2023-02-28T01:19:22.010+0000] {task_command.py:388} INFO - Running <TaskInstance: save_date_in_file_txt.print_date manual__2023-02-28T01:19:19.576500+00:00 [running]> on host aca83939d072
[2023-02-28T01:19:22.344+0000] {taskinstance.py:1509} INFO - Exporting the following env vars:
AIRFLOW_CTX_DAG_OWNER=***
AIRFLOW_CTX_DAG_ID=save_date_in_file_txt
AIRFLOW_CTX_TASK_ID=print_date
AIRFLOW_CTX_EXECUTION_DATE=2023-02-28T01:19:19.576500+00:00
AIRFLOW_CTX_TRY_NUMBER=1
AIRFLOW_CTX_DAG_RUN_ID=manual__2023-02-28T01:19:19.576500+00:00
[2023-02-28T01:19:22.346+0000] {subprocess.py:63} INFO - Tmp dir root location: 
 /tmp
[2023-02-28T01:19:22.347+0000] {subprocess.py:75} INFO - Running command: ['/bin/bash', '-c', 'date']
[2023-02-28T01:19:22.392+0000] {subprocess.py:86} INFO - Output:
[2023-02-28T01:19:22.398+0000] {subprocess.py:93} INFO - Tue Feb 28 01:19:22 UTC 2023
[2023-02-28T01:19:22.399+0000] {subprocess.py:97} INFO - Command exited with return code 0
[2023-02-28T01:19:22.459+0000] {taskinstance.py:1323} INFO - Marking task as SUCCESS. dag_id=save_date_in_file_txt, task_id=print_date, execution_date=20230228T011919, start_date=20230228T011921, end_date=20230228T011922
[2023-02-28T01:19:22.516+0000] {local_task_job.py:208} INFO - Task exited with return code 0
[2023-02-28T01:19:22.602+0000] {taskinstance.py:2578} INFO - 1 downstream tasks scheduled from follow-on schedule check
