[2023-03-02T21:28:28.705+0000] {taskinstance.py:1083} INFO - Dependencies all met for <TaskInstance: convert_csv_in_excel.sleep manual__2023-03-02T21:28:23.605995+00:00 [queued]>
[2023-03-02T21:28:28.716+0000] {taskinstance.py:1083} INFO - Dependencies all met for <TaskInstance: convert_csv_in_excel.sleep manual__2023-03-02T21:28:23.605995+00:00 [queued]>
[2023-03-02T21:28:28.716+0000] {taskinstance.py:1279} INFO - 
--------------------------------------------------------------------------------
[2023-03-02T21:28:28.716+0000] {taskinstance.py:1280} INFO - Starting attempt 1 of 4
[2023-03-02T21:28:28.717+0000] {taskinstance.py:1281} INFO - 
--------------------------------------------------------------------------------
[2023-03-02T21:28:28.734+0000] {taskinstance.py:1300} INFO - Executing <Task(BashOperator): sleep> on 2023-03-02 21:28:23.605995+00:00
[2023-03-02T21:28:28.742+0000] {standard_task_runner.py:55} INFO - Started process 1568 to run task
[2023-03-02T21:28:28.745+0000] {standard_task_runner.py:82} INFO - Running: ['***', 'tasks', 'run', 'convert_csv_in_excel', 'sleep', 'manual__2023-03-02T21:28:23.605995+00:00', '--job-id', '132', '--raw', '--subdir', 'DAGS_FOLDER/convert_csv_in_excel.py', '--cfg-path', '/tmp/tmphwncjv0h']
[2023-03-02T21:28:28.746+0000] {standard_task_runner.py:83} INFO - Job 132: Subtask sleep
[2023-03-02T21:28:28.819+0000] {task_command.py:388} INFO - Running <TaskInstance: convert_csv_in_excel.sleep manual__2023-03-02T21:28:23.605995+00:00 [running]> on host d28bc369eb67
[2023-03-02T21:28:28.909+0000] {taskinstance.py:1509} INFO - Exporting the following env vars:
AIRFLOW_CTX_DAG_OWNER=***
AIRFLOW_CTX_DAG_ID=convert_csv_in_excel
AIRFLOW_CTX_TASK_ID=sleep
AIRFLOW_CTX_EXECUTION_DATE=2023-03-02T21:28:23.605995+00:00
AIRFLOW_CTX_TRY_NUMBER=1
AIRFLOW_CTX_DAG_RUN_ID=manual__2023-03-02T21:28:23.605995+00:00
[2023-03-02T21:28:28.913+0000] {subprocess.py:63} INFO - Tmp dir root location: 
 /tmp
[2023-03-02T21:28:28.913+0000] {subprocess.py:75} INFO - Running command: ['/bin/bash', '-c', 'sleep 5']
[2023-03-02T21:28:28.930+0000] {subprocess.py:86} INFO - Output:
[2023-03-02T21:28:33.935+0000] {subprocess.py:97} INFO - Command exited with return code 0
[2023-03-02T21:28:33.972+0000] {taskinstance.py:1323} INFO - Marking task as SUCCESS. dag_id=convert_csv_in_excel, task_id=sleep, execution_date=20230302T212823, start_date=20230302T212828, end_date=20230302T212833
[2023-03-02T21:28:34.030+0000] {local_task_job.py:208} INFO - Task exited with return code 0
[2023-03-02T21:28:34.056+0000] {taskinstance.py:2578} INFO - 0 downstream tasks scheduled from follow-on schedule check
