[2023-03-01T00:45:19.581+0000] {taskinstance.py:1083} INFO - Dependencies all met for <TaskInstance: save_date_in_file_txt.sleep manual__2023-03-01T00:45:08.449460+00:00 [queued]>
[2023-03-01T00:45:19.664+0000] {taskinstance.py:1083} INFO - Dependencies all met for <TaskInstance: save_date_in_file_txt.sleep manual__2023-03-01T00:45:08.449460+00:00 [queued]>
[2023-03-01T00:45:19.665+0000] {taskinstance.py:1279} INFO - 
--------------------------------------------------------------------------------
[2023-03-01T00:45:19.665+0000] {taskinstance.py:1280} INFO - Starting attempt 1 of 4
[2023-03-01T00:45:19.665+0000] {taskinstance.py:1281} INFO - 
--------------------------------------------------------------------------------
[2023-03-01T00:45:19.785+0000] {taskinstance.py:1300} INFO - Executing <Task(BashOperator): sleep> on 2023-03-01 00:45:08.449460+00:00
[2023-03-01T00:45:19.838+0000] {standard_task_runner.py:55} INFO - Started process 128 to run task
[2023-03-01T00:45:19.855+0000] {standard_task_runner.py:82} INFO - Running: ['***', 'tasks', 'run', 'save_date_in_file_txt', 'sleep', 'manual__2023-03-01T00:45:08.449460+00:00', '--job-id', '37', '--raw', '--subdir', 'DAGS_FOLDER/print_date_file.py', '--cfg-path', '/tmp/tmpucnzagqz']
[2023-03-01T00:45:19.856+0000] {standard_task_runner.py:83} INFO - Job 37: Subtask sleep
[2023-03-01T00:45:20.094+0000] {task_command.py:388} INFO - Running <TaskInstance: save_date_in_file_txt.sleep manual__2023-03-01T00:45:08.449460+00:00 [running]> on host 60fce3bd3be2
[2023-03-01T00:45:20.465+0000] {taskinstance.py:1509} INFO - Exporting the following env vars:
AIRFLOW_CTX_DAG_OWNER=***
AIRFLOW_CTX_DAG_ID=save_date_in_file_txt
AIRFLOW_CTX_TASK_ID=sleep
AIRFLOW_CTX_EXECUTION_DATE=2023-03-01T00:45:08.449460+00:00
AIRFLOW_CTX_TRY_NUMBER=1
AIRFLOW_CTX_DAG_RUN_ID=manual__2023-03-01T00:45:08.449460+00:00
[2023-03-01T00:45:20.468+0000] {subprocess.py:63} INFO - Tmp dir root location: 
 /tmp
[2023-03-01T00:45:20.470+0000] {subprocess.py:75} INFO - Running command: ['/bin/bash', '-c', 'sleep 5']
[2023-03-01T00:45:20.503+0000] {subprocess.py:86} INFO - Output:
[2023-03-01T00:45:25.512+0000] {subprocess.py:97} INFO - Command exited with return code 0
[2023-03-01T00:45:25.574+0000] {taskinstance.py:1323} INFO - Marking task as SUCCESS. dag_id=save_date_in_file_txt, task_id=sleep, execution_date=20230301T004508, start_date=20230301T004519, end_date=20230301T004525
[2023-03-01T00:45:25.640+0000] {local_task_job.py:208} INFO - Task exited with return code 0
[2023-03-01T00:45:25.691+0000] {taskinstance.py:2578} INFO - 1 downstream tasks scheduled from follow-on schedule check
