[2023-03-02T20:23:20.911+0000] {taskinstance.py:1083} INFO - Dependencies all met for <TaskInstance: convert_csv_in_excel.make_directory manual__2023-03-02T20:23:17.357607+00:00 [queued]>
[2023-03-02T20:23:20.929+0000] {taskinstance.py:1083} INFO - Dependencies all met for <TaskInstance: convert_csv_in_excel.make_directory manual__2023-03-02T20:23:17.357607+00:00 [queued]>
[2023-03-02T20:23:20.930+0000] {taskinstance.py:1279} INFO - 
--------------------------------------------------------------------------------
[2023-03-02T20:23:20.930+0000] {taskinstance.py:1280} INFO - Starting attempt 1 of 1
[2023-03-02T20:23:20.930+0000] {taskinstance.py:1281} INFO - 
--------------------------------------------------------------------------------
[2023-03-02T20:23:20.968+0000] {taskinstance.py:1300} INFO - Executing <Task(BashOperator): make_directory> on 2023-03-02 20:23:17.357607+00:00
[2023-03-02T20:23:20.998+0000] {standard_task_runner.py:82} INFO - Running: ['***', 'tasks', 'run', 'convert_csv_in_excel', 'make_directory', 'manual__2023-03-02T20:23:17.357607+00:00', '--job-id', '60', '--raw', '--subdir', 'DAGS_FOLDER/convert_csv_in_excel.py', '--cfg-path', '/tmp/tmpicnej_ka']
[2023-03-02T20:23:21.000+0000] {standard_task_runner.py:83} INFO - Job 60: Subtask make_directory
[2023-03-02T20:23:20.990+0000] {standard_task_runner.py:55} INFO - Started process 1339 to run task
[2023-03-02T20:23:21.126+0000] {task_command.py:388} INFO - Running <TaskInstance: convert_csv_in_excel.make_directory manual__2023-03-02T20:23:17.357607+00:00 [running]> on host d28bc369eb67
[2023-03-02T20:23:21.274+0000] {taskinstance.py:1509} INFO - Exporting the following env vars:
AIRFLOW_CTX_DAG_OWNER=***
AIRFLOW_CTX_DAG_ID=convert_csv_in_excel
AIRFLOW_CTX_TASK_ID=make_directory
AIRFLOW_CTX_EXECUTION_DATE=2023-03-02T20:23:17.357607+00:00
AIRFLOW_CTX_TRY_NUMBER=1
AIRFLOW_CTX_DAG_RUN_ID=manual__2023-03-02T20:23:17.357607+00:00
[2023-03-02T20:23:21.279+0000] {subprocess.py:63} INFO - Tmp dir root location: 
 /tmp
[2023-03-02T20:23:21.280+0000] {subprocess.py:75} INFO - Running command: ['/bin/bash', '-c', 'mkdir -p /opt/***/data']
[2023-03-02T20:23:21.300+0000] {subprocess.py:86} INFO - Output:
[2023-03-02T20:23:21.305+0000] {subprocess.py:97} INFO - Command exited with return code 0
[2023-03-02T20:23:21.358+0000] {taskinstance.py:1323} INFO - Marking task as SUCCESS. dag_id=convert_csv_in_excel, task_id=make_directory, execution_date=20230302T202317, start_date=20230302T202320, end_date=20230302T202321
[2023-03-02T20:23:21.422+0000] {local_task_job.py:208} INFO - Task exited with return code 0
[2023-03-02T20:23:21.499+0000] {taskinstance.py:2578} INFO - 1 downstream tasks scheduled from follow-on schedule check
