[2023-03-01T01:02:07.787+0000] {taskinstance.py:1083} INFO - Dependencies all met for <TaskInstance: save_date_in_file_txt.save_date manual__2023-03-01T00:46:55.324761+00:00 [queued]>
[2023-03-01T01:02:07.813+0000] {taskinstance.py:1083} INFO - Dependencies all met for <TaskInstance: save_date_in_file_txt.save_date manual__2023-03-01T00:46:55.324761+00:00 [queued]>
[2023-03-01T01:02:07.814+0000] {taskinstance.py:1279} INFO - 
--------------------------------------------------------------------------------
[2023-03-01T01:02:07.814+0000] {taskinstance.py:1280} INFO - Starting attempt 2 of 4
[2023-03-01T01:02:07.815+0000] {taskinstance.py:1281} INFO - 
--------------------------------------------------------------------------------
[2023-03-01T01:02:07.862+0000] {taskinstance.py:1300} INFO - Executing <Task(BashOperator): save_date> on 2023-03-01 00:46:55.324761+00:00
[2023-03-01T01:02:07.871+0000] {standard_task_runner.py:55} INFO - Started process 77 to run task
[2023-03-01T01:02:07.881+0000] {standard_task_runner.py:82} INFO - Running: ['***', 'tasks', 'run', 'save_date_in_file_txt', 'save_date', 'manual__2023-03-01T00:46:55.324761+00:00', '--job-id', '53', '--raw', '--subdir', 'DAGS_FOLDER/print_date_file.py', '--cfg-path', '/tmp/tmp3fmjooqy']
[2023-03-01T01:02:07.882+0000] {standard_task_runner.py:83} INFO - Job 53: Subtask save_date
[2023-03-01T01:02:08.032+0000] {task_command.py:388} INFO - Running <TaskInstance: save_date_in_file_txt.save_date manual__2023-03-01T00:46:55.324761+00:00 [running]> on host 21a0fbdd3460
[2023-03-01T01:02:08.219+0000] {taskinstance.py:1509} INFO - Exporting the following env vars:
AIRFLOW_CTX_DAG_OWNER=***
AIRFLOW_CTX_DAG_ID=save_date_in_file_txt
AIRFLOW_CTX_TASK_ID=save_date
AIRFLOW_CTX_EXECUTION_DATE=2023-03-01T00:46:55.324761+00:00
AIRFLOW_CTX_TRY_NUMBER=2
AIRFLOW_CTX_DAG_RUN_ID=manual__2023-03-01T00:46:55.324761+00:00
[2023-03-01T01:02:08.221+0000] {subprocess.py:63} INFO - Tmp dir root location: 
 /tmp
[2023-03-01T01:02:08.222+0000] {subprocess.py:75} INFO - Running command: ['/bin/bash', '-c', 'date > /opt/***/data/dataHora.txt']
[2023-03-01T01:02:08.249+0000] {subprocess.py:86} INFO - Output:
[2023-03-01T01:02:08.257+0000] {subprocess.py:97} INFO - Command exited with return code 0
[2023-03-01T01:02:08.311+0000] {taskinstance.py:1323} INFO - Marking task as SUCCESS. dag_id=save_date_in_file_txt, task_id=save_date, execution_date=20230301T004655, start_date=20230301T010207, end_date=20230301T010208
[2023-03-01T01:02:08.381+0000] {local_task_job.py:208} INFO - Task exited with return code 0
[2023-03-01T01:02:08.413+0000] {taskinstance.py:2578} INFO - 0 downstream tasks scheduled from follow-on schedule check
