[2023-03-01T00:48:12.041+0000] {taskinstance.py:1083} INFO - Dependencies all met for <TaskInstance: save_date_in_file_txt.save_date manual__2023-03-01T00:47:56.834752+00:00 [queued]>
[2023-03-01T00:48:12.055+0000] {taskinstance.py:1083} INFO - Dependencies all met for <TaskInstance: save_date_in_file_txt.save_date manual__2023-03-01T00:47:56.834752+00:00 [queued]>
[2023-03-01T00:48:12.056+0000] {taskinstance.py:1279} INFO - 
--------------------------------------------------------------------------------
[2023-03-01T00:48:12.056+0000] {taskinstance.py:1280} INFO - Starting attempt 1 of 4
[2023-03-01T00:48:12.056+0000] {taskinstance.py:1281} INFO - 
--------------------------------------------------------------------------------
[2023-03-01T00:48:12.078+0000] {taskinstance.py:1300} INFO - Executing <Task(BashOperator): save_date> on 2023-03-01 00:47:56.834752+00:00
[2023-03-01T00:48:12.084+0000] {standard_task_runner.py:55} INFO - Started process 302 to run task
[2023-03-01T00:48:12.089+0000] {standard_task_runner.py:82} INFO - Running: ['***', 'tasks', 'run', 'save_date_in_file_txt', 'save_date', 'manual__2023-03-01T00:47:56.834752+00:00', '--job-id', '50', '--raw', '--subdir', 'DAGS_FOLDER/print_date_file.py', '--cfg-path', '/tmp/tmphgtjk2t3']
[2023-03-01T00:48:12.090+0000] {standard_task_runner.py:83} INFO - Job 50: Subtask save_date
[2023-03-01T00:48:12.173+0000] {task_command.py:388} INFO - Running <TaskInstance: save_date_in_file_txt.save_date manual__2023-03-01T00:47:56.834752+00:00 [running]> on host 60fce3bd3be2
[2023-03-01T00:48:12.273+0000] {taskinstance.py:1509} INFO - Exporting the following env vars:
AIRFLOW_CTX_DAG_OWNER=***
AIRFLOW_CTX_DAG_ID=save_date_in_file_txt
AIRFLOW_CTX_TASK_ID=save_date
AIRFLOW_CTX_EXECUTION_DATE=2023-03-01T00:47:56.834752+00:00
AIRFLOW_CTX_TRY_NUMBER=1
AIRFLOW_CTX_DAG_RUN_ID=manual__2023-03-01T00:47:56.834752+00:00
[2023-03-01T00:48:12.276+0000] {subprocess.py:63} INFO - Tmp dir root location: 
 /tmp
[2023-03-01T00:48:12.276+0000] {subprocess.py:75} INFO - Running command: ['/bin/bash', '-c', 'date > /opt/***/dags/dataResult/dataHora.txt']
[2023-03-01T00:48:12.294+0000] {subprocess.py:86} INFO - Output:
[2023-03-01T00:48:12.299+0000] {subprocess.py:97} INFO - Command exited with return code 0
[2023-03-01T00:48:12.336+0000] {taskinstance.py:1323} INFO - Marking task as SUCCESS. dag_id=save_date_in_file_txt, task_id=save_date, execution_date=20230301T004756, start_date=20230301T004812, end_date=20230301T004812
[2023-03-01T00:48:12.382+0000] {local_task_job.py:208} INFO - Task exited with return code 0
[2023-03-01T00:48:12.407+0000] {taskinstance.py:2578} INFO - 0 downstream tasks scheduled from follow-on schedule check
