[2023-03-02T20:33:36.877+0000] {taskinstance.py:1083} INFO - Dependencies all met for <TaskInstance: convert_csv_in_excel.make_directory scheduled__2023-03-02T19:30:00+00:00 [queued]>
[2023-03-02T20:33:36.895+0000] {taskinstance.py:1083} INFO - Dependencies all met for <TaskInstance: convert_csv_in_excel.make_directory scheduled__2023-03-02T19:30:00+00:00 [queued]>
[2023-03-02T20:33:36.895+0000] {taskinstance.py:1279} INFO - 
--------------------------------------------------------------------------------
[2023-03-02T20:33:36.896+0000] {taskinstance.py:1280} INFO - Starting attempt 1 of 1
[2023-03-02T20:33:36.896+0000] {taskinstance.py:1281} INFO - 
--------------------------------------------------------------------------------
[2023-03-02T20:33:36.925+0000] {taskinstance.py:1300} INFO - Executing <Task(BashOperator): make_directory> on 2023-03-02 19:30:00+00:00
[2023-03-02T20:33:36.936+0000] {standard_task_runner.py:55} INFO - Started process 269 to run task
[2023-03-02T20:33:36.941+0000] {standard_task_runner.py:82} INFO - Running: ['***', 'tasks', 'run', 'convert_csv_in_excel', 'make_directory', 'scheduled__2023-03-02T19:30:00+00:00', '--job-id', '95', '--raw', '--subdir', 'DAGS_FOLDER/convert_csv_in_excel.py', '--cfg-path', '/tmp/tmpulzpobfs']
[2023-03-02T20:33:36.942+0000] {standard_task_runner.py:83} INFO - Job 95: Subtask make_directory
[2023-03-02T20:33:37.043+0000] {task_command.py:388} INFO - Running <TaskInstance: convert_csv_in_excel.make_directory scheduled__2023-03-02T19:30:00+00:00 [running]> on host d28bc369eb67
[2023-03-02T20:33:37.201+0000] {taskinstance.py:1509} INFO - Exporting the following env vars:
AIRFLOW_CTX_DAG_OWNER=***
AIRFLOW_CTX_DAG_ID=convert_csv_in_excel
AIRFLOW_CTX_TASK_ID=make_directory
AIRFLOW_CTX_EXECUTION_DATE=2023-03-02T19:30:00+00:00
AIRFLOW_CTX_TRY_NUMBER=1
AIRFLOW_CTX_DAG_RUN_ID=scheduled__2023-03-02T19:30:00+00:00
[2023-03-02T20:33:37.205+0000] {subprocess.py:63} INFO - Tmp dir root location: 
 /tmp
[2023-03-02T20:33:37.206+0000] {subprocess.py:75} INFO - Running command: ['/bin/bash', '-c', 'mkdir -p /opt/***/data']
[2023-03-02T20:33:37.234+0000] {subprocess.py:86} INFO - Output:
[2023-03-02T20:33:37.244+0000] {subprocess.py:97} INFO - Command exited with return code 0
[2023-03-02T20:33:37.317+0000] {taskinstance.py:1323} INFO - Marking task as SUCCESS. dag_id=convert_csv_in_excel, task_id=make_directory, execution_date=20230302T193000, start_date=20230302T203336, end_date=20230302T203337
[2023-03-02T20:33:37.399+0000] {local_task_job.py:208} INFO - Task exited with return code 0
[2023-03-02T20:33:37.488+0000] {taskinstance.py:2578} INFO - 1 downstream tasks scheduled from follow-on schedule check
