[2023-03-01T00:46:57.527+0000] {taskinstance.py:1083} INFO - Dependencies all met for <TaskInstance: save_date_in_file_txt.print_date manual__2023-03-01T00:46:55.324761+00:00 [queued]>
[2023-03-01T00:46:57.545+0000] {taskinstance.py:1083} INFO - Dependencies all met for <TaskInstance: save_date_in_file_txt.print_date manual__2023-03-01T00:46:55.324761+00:00 [queued]>
[2023-03-01T00:46:57.545+0000] {taskinstance.py:1279} INFO - 
--------------------------------------------------------------------------------
[2023-03-01T00:46:57.546+0000] {taskinstance.py:1280} INFO - Starting attempt 1 of 1
[2023-03-01T00:46:57.546+0000] {taskinstance.py:1281} INFO - 
--------------------------------------------------------------------------------
[2023-03-01T00:46:57.582+0000] {taskinstance.py:1300} INFO - Executing <Task(BashOperator): print_date> on 2023-03-01 00:46:55.324761+00:00
[2023-03-01T00:46:57.592+0000] {standard_task_runner.py:55} INFO - Started process 221 to run task
[2023-03-01T00:46:57.601+0000] {standard_task_runner.py:82} INFO - Running: ['***', 'tasks', 'run', 'save_date_in_file_txt', 'print_date', 'manual__2023-03-01T00:46:55.324761+00:00', '--job-id', '43', '--raw', '--subdir', 'DAGS_FOLDER/print_date_file.py', '--cfg-path', '/tmp/tmp5k3ohzq9']
[2023-03-01T00:46:57.603+0000] {standard_task_runner.py:83} INFO - Job 43: Subtask print_date
[2023-03-01T00:46:57.757+0000] {task_command.py:388} INFO - Running <TaskInstance: save_date_in_file_txt.print_date manual__2023-03-01T00:46:55.324761+00:00 [running]> on host 60fce3bd3be2
[2023-03-01T00:46:57.900+0000] {taskinstance.py:1509} INFO - Exporting the following env vars:
AIRFLOW_CTX_DAG_OWNER=***
AIRFLOW_CTX_DAG_ID=save_date_in_file_txt
AIRFLOW_CTX_TASK_ID=print_date
AIRFLOW_CTX_EXECUTION_DATE=2023-03-01T00:46:55.324761+00:00
AIRFLOW_CTX_TRY_NUMBER=1
AIRFLOW_CTX_DAG_RUN_ID=manual__2023-03-01T00:46:55.324761+00:00
[2023-03-01T00:46:57.903+0000] {subprocess.py:63} INFO - Tmp dir root location: 
 /tmp
[2023-03-01T00:46:57.904+0000] {subprocess.py:75} INFO - Running command: ['/bin/bash', '-c', 'date']
[2023-03-01T00:46:57.926+0000] {subprocess.py:86} INFO - Output:
[2023-03-01T00:46:57.933+0000] {subprocess.py:93} INFO - Wed Mar  1 00:46:57 UTC 2023
[2023-03-01T00:46:57.933+0000] {subprocess.py:97} INFO - Command exited with return code 0
[2023-03-01T00:46:57.989+0000] {taskinstance.py:1323} INFO - Marking task as SUCCESS. dag_id=save_date_in_file_txt, task_id=print_date, execution_date=20230301T004655, start_date=20230301T004657, end_date=20230301T004657
[2023-03-01T00:46:58.060+0000] {local_task_job.py:208} INFO - Task exited with return code 0
[2023-03-01T00:46:58.116+0000] {taskinstance.py:2578} INFO - 1 downstream tasks scheduled from follow-on schedule check
