[2023-02-28T01:19:04.419+0000] {taskinstance.py:1083} INFO - Dependencies all met for <TaskInstance: save_date_in_file_txt.print_date manual__2023-02-28T01:19:02.022674+00:00 [queued]>
[2023-02-28T01:19:04.442+0000] {taskinstance.py:1083} INFO - Dependencies all met for <TaskInstance: save_date_in_file_txt.print_date manual__2023-02-28T01:19:02.022674+00:00 [queued]>
[2023-02-28T01:19:04.442+0000] {taskinstance.py:1279} INFO - 
--------------------------------------------------------------------------------
[2023-02-28T01:19:04.443+0000] {taskinstance.py:1280} INFO - Starting attempt 1 of 1
[2023-02-28T01:19:04.443+0000] {taskinstance.py:1281} INFO - 
--------------------------------------------------------------------------------
[2023-02-28T01:19:04.486+0000] {taskinstance.py:1300} INFO - Executing <Task(BashOperator): print_date> on 2023-02-28 01:19:02.022674+00:00
[2023-02-28T01:19:04.495+0000] {standard_task_runner.py:55} INFO - Started process 1530 to run task
[2023-02-28T01:19:04.504+0000] {standard_task_runner.py:82} INFO - Running: ['***', 'tasks', 'run', 'save_date_in_file_txt', 'print_date', 'manual__2023-02-28T01:19:02.022674+00:00', '--job-id', '13', '--raw', '--subdir', 'DAGS_FOLDER/print_date_file.py', '--cfg-path', '/tmp/tmpxa_vtpn4']
[2023-02-28T01:19:04.505+0000] {standard_task_runner.py:83} INFO - Job 13: Subtask print_date
[2023-02-28T01:19:04.687+0000] {task_command.py:388} INFO - Running <TaskInstance: save_date_in_file_txt.print_date manual__2023-02-28T01:19:02.022674+00:00 [running]> on host aca83939d072
[2023-02-28T01:19:04.861+0000] {taskinstance.py:1509} INFO - Exporting the following env vars:
AIRFLOW_CTX_DAG_OWNER=***
AIRFLOW_CTX_DAG_ID=save_date_in_file_txt
AIRFLOW_CTX_TASK_ID=print_date
AIRFLOW_CTX_EXECUTION_DATE=2023-02-28T01:19:02.022674+00:00
AIRFLOW_CTX_TRY_NUMBER=1
AIRFLOW_CTX_DAG_RUN_ID=manual__2023-02-28T01:19:02.022674+00:00
[2023-02-28T01:19:04.863+0000] {subprocess.py:63} INFO - Tmp dir root location: 
 /tmp
[2023-02-28T01:19:04.864+0000] {subprocess.py:75} INFO - Running command: ['/bin/bash', '-c', 'date']
[2023-02-28T01:19:04.893+0000] {subprocess.py:86} INFO - Output:
[2023-02-28T01:19:04.902+0000] {subprocess.py:93} INFO - Tue Feb 28 01:19:04 UTC 2023
[2023-02-28T01:19:04.903+0000] {subprocess.py:97} INFO - Command exited with return code 0
[2023-02-28T01:19:04.960+0000] {taskinstance.py:1323} INFO - Marking task as SUCCESS. dag_id=save_date_in_file_txt, task_id=print_date, execution_date=20230228T011902, start_date=20230228T011904, end_date=20230228T011904
[2023-02-28T01:19:05.036+0000] {local_task_job.py:208} INFO - Task exited with return code 0
[2023-02-28T01:19:05.152+0000] {taskinstance.py:2578} INFO - 1 downstream tasks scheduled from follow-on schedule check
