[2023-03-02T20:33:42.339+0000] {taskinstance.py:1083} INFO - Dependencies all met for <TaskInstance: convert_csv_in_excel.sleep scheduled__2023-03-02T19:30:00+00:00 [queued]>
[2023-03-02T20:33:42.357+0000] {taskinstance.py:1083} INFO - Dependencies all met for <TaskInstance: convert_csv_in_excel.sleep scheduled__2023-03-02T19:30:00+00:00 [queued]>
[2023-03-02T20:33:42.357+0000] {taskinstance.py:1279} INFO - 
--------------------------------------------------------------------------------
[2023-03-02T20:33:42.357+0000] {taskinstance.py:1280} INFO - Starting attempt 1 of 4
[2023-03-02T20:33:42.357+0000] {taskinstance.py:1281} INFO - 
--------------------------------------------------------------------------------
[2023-03-02T20:33:42.390+0000] {taskinstance.py:1300} INFO - Executing <Task(BashOperator): sleep> on 2023-03-02 19:30:00+00:00
[2023-03-02T20:33:42.403+0000] {standard_task_runner.py:55} INFO - Started process 285 to run task
[2023-03-02T20:33:42.408+0000] {standard_task_runner.py:82} INFO - Running: ['***', 'tasks', 'run', 'convert_csv_in_excel', 'sleep', 'scheduled__2023-03-02T19:30:00+00:00', '--job-id', '99', '--raw', '--subdir', 'DAGS_FOLDER/convert_csv_in_excel.py', '--cfg-path', '/tmp/tmpjflo4fpd']
[2023-03-02T20:33:42.409+0000] {standard_task_runner.py:83} INFO - Job 99: Subtask sleep
[2023-03-02T20:33:42.538+0000] {task_command.py:388} INFO - Running <TaskInstance: convert_csv_in_excel.sleep scheduled__2023-03-02T19:30:00+00:00 [running]> on host d28bc369eb67
[2023-03-02T20:33:42.684+0000] {taskinstance.py:1509} INFO - Exporting the following env vars:
AIRFLOW_CTX_DAG_OWNER=***
AIRFLOW_CTX_DAG_ID=convert_csv_in_excel
AIRFLOW_CTX_TASK_ID=sleep
AIRFLOW_CTX_EXECUTION_DATE=2023-03-02T19:30:00+00:00
AIRFLOW_CTX_TRY_NUMBER=1
AIRFLOW_CTX_DAG_RUN_ID=scheduled__2023-03-02T19:30:00+00:00
[2023-03-02T20:33:42.690+0000] {subprocess.py:63} INFO - Tmp dir root location: 
 /tmp
[2023-03-02T20:33:42.690+0000] {subprocess.py:75} INFO - Running command: ['/bin/bash', '-c', 'sleep 5']
[2023-03-02T20:33:42.719+0000] {subprocess.py:86} INFO - Output:
[2023-03-02T20:33:47.726+0000] {subprocess.py:97} INFO - Command exited with return code 0
[2023-03-02T20:33:47.765+0000] {taskinstance.py:1323} INFO - Marking task as SUCCESS. dag_id=convert_csv_in_excel, task_id=sleep, execution_date=20230302T193000, start_date=20230302T203342, end_date=20230302T203347
[2023-03-02T20:33:47.801+0000] {local_task_job.py:208} INFO - Task exited with return code 0
[2023-03-02T20:33:47.830+0000] {taskinstance.py:2578} INFO - 0 downstream tasks scheduled from follow-on schedule check
