[2023-03-01T00:47:02.419+0000] {taskinstance.py:1083} INFO - Dependencies all met for <TaskInstance: save_date_in_file_txt.sleep manual__2023-03-01T00:46:55.324761+00:00 [queued]>
[2023-03-01T00:47:02.453+0000] {taskinstance.py:1083} INFO - Dependencies all met for <TaskInstance: save_date_in_file_txt.sleep manual__2023-03-01T00:46:55.324761+00:00 [queued]>
[2023-03-01T00:47:02.454+0000] {taskinstance.py:1279} INFO - 
--------------------------------------------------------------------------------
[2023-03-01T00:47:02.454+0000] {taskinstance.py:1280} INFO - Starting attempt 1 of 4
[2023-03-01T00:47:02.455+0000] {taskinstance.py:1281} INFO - 
--------------------------------------------------------------------------------
[2023-03-01T00:47:02.522+0000] {taskinstance.py:1300} INFO - Executing <Task(BashOperator): sleep> on 2023-03-01 00:46:55.324761+00:00
[2023-03-01T00:47:02.545+0000] {standard_task_runner.py:55} INFO - Started process 236 to run task
[2023-03-01T00:47:02.563+0000] {standard_task_runner.py:82} INFO - Running: ['***', 'tasks', 'run', 'save_date_in_file_txt', 'sleep', 'manual__2023-03-01T00:46:55.324761+00:00', '--job-id', '45', '--raw', '--subdir', 'DAGS_FOLDER/print_date_file.py', '--cfg-path', '/tmp/tmplnbp_dbo']
[2023-03-01T00:47:02.564+0000] {standard_task_runner.py:83} INFO - Job 45: Subtask sleep
[2023-03-01T00:47:02.745+0000] {task_command.py:388} INFO - Running <TaskInstance: save_date_in_file_txt.sleep manual__2023-03-01T00:46:55.324761+00:00 [running]> on host 60fce3bd3be2
[2023-03-01T00:47:03.048+0000] {taskinstance.py:1509} INFO - Exporting the following env vars:
AIRFLOW_CTX_DAG_OWNER=***
AIRFLOW_CTX_DAG_ID=save_date_in_file_txt
AIRFLOW_CTX_TASK_ID=sleep
AIRFLOW_CTX_EXECUTION_DATE=2023-03-01T00:46:55.324761+00:00
AIRFLOW_CTX_TRY_NUMBER=1
AIRFLOW_CTX_DAG_RUN_ID=manual__2023-03-01T00:46:55.324761+00:00
[2023-03-01T00:47:03.051+0000] {subprocess.py:63} INFO - Tmp dir root location: 
 /tmp
[2023-03-01T00:47:03.052+0000] {subprocess.py:75} INFO - Running command: ['/bin/bash', '-c', 'sleep 5']
[2023-03-01T00:47:03.095+0000] {subprocess.py:86} INFO - Output:
[2023-03-01T00:47:08.108+0000] {subprocess.py:97} INFO - Command exited with return code 0
[2023-03-01T00:47:08.159+0000] {taskinstance.py:1323} INFO - Marking task as SUCCESS. dag_id=save_date_in_file_txt, task_id=sleep, execution_date=20230301T004655, start_date=20230301T004702, end_date=20230301T004708
[2023-03-01T00:47:08.218+0000] {local_task_job.py:208} INFO - Task exited with return code 0
[2023-03-01T00:47:08.252+0000] {taskinstance.py:2578} INFO - 1 downstream tasks scheduled from follow-on schedule check
