[2023-03-01T00:00:08.315+0000] {taskinstance.py:1083} INFO - Dependencies all met for <TaskInstance: save_date_in_file_txt.sleep scheduled__2023-02-28T00:00:00+00:00 [queued]>
[2023-03-01T00:00:08.333+0000] {taskinstance.py:1083} INFO - Dependencies all met for <TaskInstance: save_date_in_file_txt.sleep scheduled__2023-02-28T00:00:00+00:00 [queued]>
[2023-03-01T00:00:08.333+0000] {taskinstance.py:1279} INFO - 
--------------------------------------------------------------------------------
[2023-03-01T00:00:08.334+0000] {taskinstance.py:1280} INFO - Starting attempt 1 of 4
[2023-03-01T00:00:08.334+0000] {taskinstance.py:1281} INFO - 
--------------------------------------------------------------------------------
[2023-03-01T00:00:08.363+0000] {taskinstance.py:1300} INFO - Executing <Task(BashOperator): sleep> on 2023-02-28 00:00:00+00:00
[2023-03-01T00:00:08.374+0000] {standard_task_runner.py:55} INFO - Started process 531 to run task
[2023-03-01T00:00:08.379+0000] {standard_task_runner.py:82} INFO - Running: ['***', 'tasks', 'run', 'save_date_in_file_txt', 'sleep', 'scheduled__2023-02-28T00:00:00+00:00', '--job-id', '27', '--raw', '--subdir', 'DAGS_FOLDER/print_date_file.py', '--cfg-path', '/tmp/tmp9im_m784']
[2023-03-01T00:00:08.379+0000] {standard_task_runner.py:83} INFO - Job 27: Subtask sleep
[2023-03-01T00:00:08.483+0000] {task_command.py:388} INFO - Running <TaskInstance: save_date_in_file_txt.sleep scheduled__2023-02-28T00:00:00+00:00 [running]> on host 2b079ebcb28b
[2023-03-01T00:00:08.639+0000] {taskinstance.py:1509} INFO - Exporting the following env vars:
AIRFLOW_CTX_DAG_OWNER=***
AIRFLOW_CTX_DAG_ID=save_date_in_file_txt
AIRFLOW_CTX_TASK_ID=sleep
AIRFLOW_CTX_EXECUTION_DATE=2023-02-28T00:00:00+00:00
AIRFLOW_CTX_TRY_NUMBER=1
AIRFLOW_CTX_DAG_RUN_ID=scheduled__2023-02-28T00:00:00+00:00
[2023-03-01T00:00:08.643+0000] {subprocess.py:63} INFO - Tmp dir root location: 
 /tmp
[2023-03-01T00:00:08.644+0000] {subprocess.py:75} INFO - Running command: ['/bin/bash', '-c', 'sleep 5']
[2023-03-01T00:00:08.671+0000] {subprocess.py:86} INFO - Output:
[2023-03-01T00:00:13.680+0000] {subprocess.py:97} INFO - Command exited with return code 0
[2023-03-01T00:00:13.740+0000] {taskinstance.py:1323} INFO - Marking task as SUCCESS. dag_id=save_date_in_file_txt, task_id=sleep, execution_date=20230228T000000, start_date=20230301T000008, end_date=20230301T000013
[2023-03-01T00:00:13.802+0000] {local_task_job.py:208} INFO - Task exited with return code 0
[2023-03-01T00:00:13.838+0000] {taskinstance.py:2578} INFO - 1 downstream tasks scheduled from follow-on schedule check
[2023-03-01T00:45:20.267+0000] {taskinstance.py:1083} INFO - Dependencies all met for <TaskInstance: save_date_in_file_txt.sleep scheduled__2023-02-28T00:00:00+00:00 [queued]>
[2023-03-01T00:45:20.324+0000] {taskinstance.py:1083} INFO - Dependencies all met for <TaskInstance: save_date_in_file_txt.sleep scheduled__2023-02-28T00:00:00+00:00 [queued]>
[2023-03-01T00:45:20.325+0000] {taskinstance.py:1279} INFO - 
--------------------------------------------------------------------------------
[2023-03-01T00:45:20.325+0000] {taskinstance.py:1280} INFO - Starting attempt 1 of 4
[2023-03-01T00:45:20.329+0000] {taskinstance.py:1281} INFO - 
--------------------------------------------------------------------------------
[2023-03-01T00:45:20.406+0000] {taskinstance.py:1300} INFO - Executing <Task(BashOperator): sleep> on 2023-02-28 00:00:00+00:00
[2023-03-01T00:45:20.423+0000] {standard_task_runner.py:55} INFO - Started process 129 to run task
[2023-03-01T00:45:20.431+0000] {standard_task_runner.py:82} INFO - Running: ['***', 'tasks', 'run', 'save_date_in_file_txt', 'sleep', 'scheduled__2023-02-28T00:00:00+00:00', '--job-id', '38', '--raw', '--subdir', 'DAGS_FOLDER/print_date_file.py', '--cfg-path', '/tmp/tmpi7zxduam']
[2023-03-01T00:45:20.432+0000] {standard_task_runner.py:83} INFO - Job 38: Subtask sleep
[2023-03-01T00:45:20.600+0000] {task_command.py:388} INFO - Running <TaskInstance: save_date_in_file_txt.sleep scheduled__2023-02-28T00:00:00+00:00 [running]> on host 60fce3bd3be2
[2023-03-01T00:45:20.788+0000] {taskinstance.py:1509} INFO - Exporting the following env vars:
AIRFLOW_CTX_DAG_OWNER=***
AIRFLOW_CTX_DAG_ID=save_date_in_file_txt
AIRFLOW_CTX_TASK_ID=sleep
AIRFLOW_CTX_EXECUTION_DATE=2023-02-28T00:00:00+00:00
AIRFLOW_CTX_TRY_NUMBER=1
AIRFLOW_CTX_DAG_RUN_ID=scheduled__2023-02-28T00:00:00+00:00
[2023-03-01T00:45:20.790+0000] {subprocess.py:63} INFO - Tmp dir root location: 
 /tmp
[2023-03-01T00:45:20.791+0000] {subprocess.py:75} INFO - Running command: ['/bin/bash', '-c', 'sleep 5']
[2023-03-01T00:45:20.816+0000] {subprocess.py:86} INFO - Output:
[2023-03-01T00:45:25.824+0000] {subprocess.py:97} INFO - Command exited with return code 0
[2023-03-01T00:45:25.877+0000] {taskinstance.py:1323} INFO - Marking task as SUCCESS. dag_id=save_date_in_file_txt, task_id=sleep, execution_date=20230228T000000, start_date=20230301T004520, end_date=20230301T004525
[2023-03-01T00:45:25.932+0000] {local_task_job.py:208} INFO - Task exited with return code 0
[2023-03-01T00:45:25.973+0000] {taskinstance.py:2578} INFO - 1 downstream tasks scheduled from follow-on schedule check
