[2023-03-01T00:48:02.498+0000] {taskinstance.py:1083} INFO - Dependencies all met for <TaskInstance: save_date_in_file_txt.make_directory manual__2023-03-01T00:47:56.834752+00:00 [queued]>
[2023-03-01T00:48:02.549+0000] {taskinstance.py:1083} INFO - Dependencies all met for <TaskInstance: save_date_in_file_txt.make_directory manual__2023-03-01T00:47:56.834752+00:00 [queued]>
[2023-03-01T00:48:02.550+0000] {taskinstance.py:1279} INFO - 
--------------------------------------------------------------------------------
[2023-03-01T00:48:02.550+0000] {taskinstance.py:1280} INFO - Starting attempt 1 of 1
[2023-03-01T00:48:02.550+0000] {taskinstance.py:1281} INFO - 
--------------------------------------------------------------------------------
[2023-03-01T00:48:02.634+0000] {taskinstance.py:1300} INFO - Executing <Task(BashOperator): make_directory> on 2023-03-01 00:47:56.834752+00:00
[2023-03-01T00:48:02.662+0000] {standard_task_runner.py:55} INFO - Started process 296 to run task
[2023-03-01T00:48:02.666+0000] {standard_task_runner.py:82} INFO - Running: ['***', 'tasks', 'run', 'save_date_in_file_txt', 'make_directory', 'manual__2023-03-01T00:47:56.834752+00:00', '--job-id', '48', '--raw', '--subdir', 'DAGS_FOLDER/print_date_file.py', '--cfg-path', '/tmp/tmp6mrhi02h']
[2023-03-01T00:48:02.667+0000] {standard_task_runner.py:83} INFO - Job 48: Subtask make_directory
[2023-03-01T00:48:03.004+0000] {task_command.py:388} INFO - Running <TaskInstance: save_date_in_file_txt.make_directory manual__2023-03-01T00:47:56.834752+00:00 [running]> on host 60fce3bd3be2
[2023-03-01T00:48:03.385+0000] {taskinstance.py:1509} INFO - Exporting the following env vars:
AIRFLOW_CTX_DAG_OWNER=***
AIRFLOW_CTX_DAG_ID=save_date_in_file_txt
AIRFLOW_CTX_TASK_ID=make_directory
AIRFLOW_CTX_EXECUTION_DATE=2023-03-01T00:47:56.834752+00:00
AIRFLOW_CTX_TRY_NUMBER=1
AIRFLOW_CTX_DAG_RUN_ID=manual__2023-03-01T00:47:56.834752+00:00
[2023-03-01T00:48:03.387+0000] {subprocess.py:63} INFO - Tmp dir root location: 
 /tmp
[2023-03-01T00:48:03.391+0000] {subprocess.py:75} INFO - Running command: ['/bin/bash', '-c', 'mkdir -p /opt/***/dags/dataResult']
[2023-03-01T00:48:03.445+0000] {subprocess.py:86} INFO - Output:
[2023-03-01T00:48:03.455+0000] {subprocess.py:97} INFO - Command exited with return code 0
[2023-03-01T00:48:03.546+0000] {taskinstance.py:1323} INFO - Marking task as SUCCESS. dag_id=save_date_in_file_txt, task_id=make_directory, execution_date=20230301T004756, start_date=20230301T004802, end_date=20230301T004803
[2023-03-01T00:48:03.607+0000] {local_task_job.py:208} INFO - Task exited with return code 0
[2023-03-01T00:48:03.694+0000] {taskinstance.py:2578} INFO - 1 downstream tasks scheduled from follow-on schedule check
