[2023-02-28T00:51:31.451+0000] {processor.py:153} INFO - Started process (PID=46) to work on /opt/airflow/dags/transform_dag.py
[2023-02-28T00:51:31.452+0000] {processor.py:743} INFO - Processing file /opt/airflow/dags/transform_dag.py for tasks to queue
[2023-02-28T00:51:31.453+0000] {logging_mixin.py:137} INFO - [2023-02-28T00:51:31.453+0000] {dagbag.py:538} INFO - Filling up the DagBag from /opt/airflow/dags/transform_dag.py
[2023-02-28T00:51:33.976+0000] {processor.py:753} INFO - DAG(s) dict_keys(['transform_dag']) retrieved from /opt/airflow/dags/transform_dag.py
[2023-02-28T00:51:34.272+0000] {logging_mixin.py:137} INFO - [2023-02-28T00:51:34.272+0000] {dag.py:2690} INFO - Sync 1 DAGs
[2023-02-28T00:51:34.376+0000] {logging_mixin.py:137} INFO - [2023-02-28T00:51:34.376+0000] {dag.py:3441} INFO - Setting next_dagrun for transform_dag to 2023-03-01T00:30:00+00:00, run_after=2023-03-01T01:30:00+00:00
[2023-02-28T00:51:34.463+0000] {processor.py:175} INFO - Processing /opt/airflow/dags/transform_dag.py took 3.031 seconds
[2023-02-28T00:52:04.729+0000] {processor.py:153} INFO - Started process (PID=117) to work on /opt/airflow/dags/transform_dag.py
[2023-02-28T00:52:04.732+0000] {processor.py:743} INFO - Processing file /opt/airflow/dags/transform_dag.py for tasks to queue
[2023-02-28T00:52:04.733+0000] {logging_mixin.py:137} INFO - [2023-02-28T00:52:04.733+0000] {dagbag.py:538} INFO - Filling up the DagBag from /opt/airflow/dags/transform_dag.py
[2023-02-28T00:52:05.282+0000] {processor.py:753} INFO - DAG(s) dict_keys(['transform_dag']) retrieved from /opt/airflow/dags/transform_dag.py
[2023-02-28T00:52:05.317+0000] {logging_mixin.py:137} INFO - [2023-02-28T00:52:05.317+0000] {dag.py:2690} INFO - Sync 1 DAGs
[2023-02-28T00:52:05.368+0000] {logging_mixin.py:137} INFO - [2023-02-28T00:52:05.368+0000] {dag.py:3441} INFO - Setting next_dagrun for transform_dag to 2023-03-01T00:30:00+00:00, run_after=2023-03-01T01:30:00+00:00
[2023-02-28T00:52:05.392+0000] {processor.py:175} INFO - Processing /opt/airflow/dags/transform_dag.py took 0.668 seconds
[2023-02-28T00:52:35.611+0000] {processor.py:153} INFO - Started process (PID=186) to work on /opt/airflow/dags/transform_dag.py
[2023-02-28T00:52:35.613+0000] {processor.py:743} INFO - Processing file /opt/airflow/dags/transform_dag.py for tasks to queue
[2023-02-28T00:52:35.614+0000] {logging_mixin.py:137} INFO - [2023-02-28T00:52:35.614+0000] {dagbag.py:538} INFO - Filling up the DagBag from /opt/airflow/dags/transform_dag.py
[2023-02-28T00:52:36.242+0000] {processor.py:753} INFO - DAG(s) dict_keys(['transform_dag']) retrieved from /opt/airflow/dags/transform_dag.py
[2023-02-28T00:52:36.270+0000] {logging_mixin.py:137} INFO - [2023-02-28T00:52:36.269+0000] {dag.py:2690} INFO - Sync 1 DAGs
[2023-02-28T00:52:36.302+0000] {logging_mixin.py:137} INFO - [2023-02-28T00:52:36.302+0000] {dag.py:3441} INFO - Setting next_dagrun for transform_dag to 2023-03-01T00:30:00+00:00, run_after=2023-03-01T01:30:00+00:00
[2023-02-28T00:52:36.329+0000] {processor.py:175} INFO - Processing /opt/airflow/dags/transform_dag.py took 0.723 seconds
[2023-02-28T00:53:06.667+0000] {processor.py:153} INFO - Started process (PID=250) to work on /opt/airflow/dags/transform_dag.py
[2023-02-28T00:53:06.671+0000] {processor.py:743} INFO - Processing file /opt/airflow/dags/transform_dag.py for tasks to queue
[2023-02-28T00:53:06.672+0000] {logging_mixin.py:137} INFO - [2023-02-28T00:53:06.672+0000] {dagbag.py:538} INFO - Filling up the DagBag from /opt/airflow/dags/transform_dag.py
[2023-02-28T00:53:07.690+0000] {processor.py:753} INFO - DAG(s) dict_keys(['transform_dag']) retrieved from /opt/airflow/dags/transform_dag.py
[2023-02-28T00:53:07.728+0000] {logging_mixin.py:137} INFO - [2023-02-28T00:53:07.727+0000] {dag.py:2690} INFO - Sync 1 DAGs
[2023-02-28T00:53:07.776+0000] {logging_mixin.py:137} INFO - [2023-02-28T00:53:07.775+0000] {dag.py:3441} INFO - Setting next_dagrun for transform_dag to 2023-03-01T00:30:00+00:00, run_after=2023-03-01T01:30:00+00:00
[2023-02-28T00:53:07.812+0000] {processor.py:175} INFO - Processing /opt/airflow/dags/transform_dag.py took 1.152 seconds
[2023-02-28T00:53:38.201+0000] {processor.py:153} INFO - Started process (PID=317) to work on /opt/airflow/dags/transform_dag.py
[2023-02-28T00:53:38.202+0000] {processor.py:743} INFO - Processing file /opt/airflow/dags/transform_dag.py for tasks to queue
[2023-02-28T00:53:38.204+0000] {logging_mixin.py:137} INFO - [2023-02-28T00:53:38.203+0000] {dagbag.py:538} INFO - Filling up the DagBag from /opt/airflow/dags/transform_dag.py
[2023-02-28T00:53:39.019+0000] {processor.py:753} INFO - DAG(s) dict_keys(['transform_dag']) retrieved from /opt/airflow/dags/transform_dag.py
[2023-02-28T00:53:39.054+0000] {logging_mixin.py:137} INFO - [2023-02-28T00:53:39.053+0000] {dag.py:2690} INFO - Sync 1 DAGs
[2023-02-28T00:53:39.099+0000] {logging_mixin.py:137} INFO - [2023-02-28T00:53:39.098+0000] {dag.py:3441} INFO - Setting next_dagrun for transform_dag to 2023-03-01T00:30:00+00:00, run_after=2023-03-01T01:30:00+00:00
[2023-02-28T00:53:39.150+0000] {processor.py:175} INFO - Processing /opt/airflow/dags/transform_dag.py took 0.953 seconds
[2023-02-28T00:54:09.734+0000] {processor.py:153} INFO - Started process (PID=383) to work on /opt/airflow/dags/transform_dag.py
[2023-02-28T00:54:09.736+0000] {processor.py:743} INFO - Processing file /opt/airflow/dags/transform_dag.py for tasks to queue
[2023-02-28T00:54:09.737+0000] {logging_mixin.py:137} INFO - [2023-02-28T00:54:09.737+0000] {dagbag.py:538} INFO - Filling up the DagBag from /opt/airflow/dags/transform_dag.py
[2023-02-28T00:54:10.505+0000] {processor.py:753} INFO - DAG(s) dict_keys(['transform_dag']) retrieved from /opt/airflow/dags/transform_dag.py
[2023-02-28T00:54:10.623+0000] {logging_mixin.py:137} INFO - [2023-02-28T00:54:10.622+0000] {dag.py:2690} INFO - Sync 1 DAGs
[2023-02-28T00:54:10.649+0000] {logging_mixin.py:137} INFO - [2023-02-28T00:54:10.648+0000] {dag.py:2711} INFO - Creating ORM DAG for transform_dag
[2023-02-28T00:54:10.676+0000] {logging_mixin.py:137} INFO - [2023-02-28T00:54:10.675+0000] {dag.py:3441} INFO - Setting next_dagrun for transform_dag to 2023-03-01T00:30:00+00:00, run_after=2023-03-01T01:30:00+00:00
[2023-02-28T00:54:10.725+0000] {processor.py:175} INFO - Processing /opt/airflow/dags/transform_dag.py took 0.997 seconds
