[2023-02-28T23:57:20.989+0000] {taskinstance.py:1083} INFO - Dependencies all met for <TaskInstance: save_date_in_file_txt.save_date manual__2023-02-28T23:57:05.252853+00:00 [queued]>
[2023-02-28T23:57:21.013+0000] {taskinstance.py:1083} INFO - Dependencies all met for <TaskInstance: save_date_in_file_txt.save_date manual__2023-02-28T23:57:05.252853+00:00 [queued]>
[2023-02-28T23:57:21.013+0000] {taskinstance.py:1279} INFO - 
--------------------------------------------------------------------------------
[2023-02-28T23:57:21.013+0000] {taskinstance.py:1280} INFO - Starting attempt 1 of 4
[2023-02-28T23:57:21.014+0000] {taskinstance.py:1281} INFO - 
--------------------------------------------------------------------------------
[2023-02-28T23:57:21.062+0000] {taskinstance.py:1300} INFO - Executing <Task(BashOperator): save_date> on 2023-02-28 23:57:05.252853+00:00
[2023-02-28T23:57:21.073+0000] {standard_task_runner.py:55} INFO - Started process 387 to run task
[2023-02-28T23:57:21.081+0000] {standard_task_runner.py:82} INFO - Running: ['***', 'tasks', 'run', 'save_date_in_file_txt', 'save_date', 'manual__2023-02-28T23:57:05.252853+00:00', '--job-id', '24', '--raw', '--subdir', 'DAGS_FOLDER/print_date_file.py', '--cfg-path', '/tmp/tmpxxpk1vd0']
[2023-02-28T23:57:21.082+0000] {standard_task_runner.py:83} INFO - Job 24: Subtask save_date
[2023-02-28T23:57:21.220+0000] {task_command.py:388} INFO - Running <TaskInstance: save_date_in_file_txt.save_date manual__2023-02-28T23:57:05.252853+00:00 [running]> on host 2b079ebcb28b
[2023-02-28T23:57:21.326+0000] {taskinstance.py:1509} INFO - Exporting the following env vars:
AIRFLOW_CTX_DAG_OWNER=***
AIRFLOW_CTX_DAG_ID=save_date_in_file_txt
AIRFLOW_CTX_TASK_ID=save_date
AIRFLOW_CTX_EXECUTION_DATE=2023-02-28T23:57:05.252853+00:00
AIRFLOW_CTX_TRY_NUMBER=1
AIRFLOW_CTX_DAG_RUN_ID=manual__2023-02-28T23:57:05.252853+00:00
[2023-02-28T23:57:21.328+0000] {subprocess.py:63} INFO - Tmp dir root location: 
 /tmp
[2023-02-28T23:57:21.329+0000] {subprocess.py:75} INFO - Running command: ['/bin/bash', '-c', 'date > ./data']
[2023-02-28T23:57:21.347+0000] {subprocess.py:86} INFO - Output:
[2023-02-28T23:57:21.352+0000] {subprocess.py:97} INFO - Command exited with return code 0
[2023-02-28T23:57:21.400+0000] {taskinstance.py:1323} INFO - Marking task as SUCCESS. dag_id=save_date_in_file_txt, task_id=save_date, execution_date=20230228T235705, start_date=20230228T235720, end_date=20230228T235721
[2023-02-28T23:57:21.452+0000] {local_task_job.py:208} INFO - Task exited with return code 0
[2023-02-28T23:57:21.481+0000] {taskinstance.py:2578} INFO - 0 downstream tasks scheduled from follow-on schedule check
