[2023-03-01T00:45:28.287+0000] {taskinstance.py:1083} INFO - Dependencies all met for <TaskInstance: save_date_in_file_txt.save_date manual__2023-03-01T00:45:08.449460+00:00 [queued]>
[2023-03-01T00:45:28.309+0000] {taskinstance.py:1083} INFO - Dependencies all met for <TaskInstance: save_date_in_file_txt.save_date manual__2023-03-01T00:45:08.449460+00:00 [queued]>
[2023-03-01T00:45:28.309+0000] {taskinstance.py:1279} INFO - 
--------------------------------------------------------------------------------
[2023-03-01T00:45:28.310+0000] {taskinstance.py:1280} INFO - Starting attempt 1 of 4
[2023-03-01T00:45:28.310+0000] {taskinstance.py:1281} INFO - 
--------------------------------------------------------------------------------
[2023-03-01T00:45:28.339+0000] {taskinstance.py:1300} INFO - Executing <Task(BashOperator): save_date> on 2023-03-01 00:45:08.449460+00:00
[2023-03-01T00:45:28.347+0000] {standard_task_runner.py:55} INFO - Started process 141 to run task
[2023-03-01T00:45:28.354+0000] {standard_task_runner.py:82} INFO - Running: ['***', 'tasks', 'run', 'save_date_in_file_txt', 'save_date', 'manual__2023-03-01T00:45:08.449460+00:00', '--job-id', '41', '--raw', '--subdir', 'DAGS_FOLDER/print_date_file.py', '--cfg-path', '/tmp/tmpm6w7acr8']
[2023-03-01T00:45:28.355+0000] {standard_task_runner.py:83} INFO - Job 41: Subtask save_date
[2023-03-01T00:45:28.481+0000] {task_command.py:388} INFO - Running <TaskInstance: save_date_in_file_txt.save_date manual__2023-03-01T00:45:08.449460+00:00 [running]> on host 60fce3bd3be2
[2023-03-01T00:45:28.710+0000] {taskinstance.py:1509} INFO - Exporting the following env vars:
AIRFLOW_CTX_DAG_OWNER=***
AIRFLOW_CTX_DAG_ID=save_date_in_file_txt
AIRFLOW_CTX_TASK_ID=save_date
AIRFLOW_CTX_EXECUTION_DATE=2023-03-01T00:45:08.449460+00:00
AIRFLOW_CTX_TRY_NUMBER=1
AIRFLOW_CTX_DAG_RUN_ID=manual__2023-03-01T00:45:08.449460+00:00
[2023-03-01T00:45:28.712+0000] {subprocess.py:63} INFO - Tmp dir root location: 
 /tmp
[2023-03-01T00:45:28.716+0000] {subprocess.py:75} INFO - Running command: ['/bin/bash', '-c', 'date > ./data']
[2023-03-01T00:45:28.766+0000] {subprocess.py:86} INFO - Output:
[2023-03-01T00:45:28.778+0000] {subprocess.py:97} INFO - Command exited with return code 0
[2023-03-01T00:45:28.857+0000] {taskinstance.py:1323} INFO - Marking task as SUCCESS. dag_id=save_date_in_file_txt, task_id=save_date, execution_date=20230301T004508, start_date=20230301T004528, end_date=20230301T004528
[2023-03-01T00:45:28.941+0000] {local_task_job.py:208} INFO - Task exited with return code 0
[2023-03-01T00:45:28.985+0000] {taskinstance.py:2578} INFO - 0 downstream tasks scheduled from follow-on schedule check
