[2023-03-01T00:00:02.986+0000] {taskinstance.py:1083} INFO - Dependencies all met for <TaskInstance: save_date_in_file_txt.print_date scheduled__2023-02-28T00:00:00+00:00 [queued]>
[2023-03-01T00:00:03.039+0000] {taskinstance.py:1083} INFO - Dependencies all met for <TaskInstance: save_date_in_file_txt.print_date scheduled__2023-02-28T00:00:00+00:00 [queued]>
[2023-03-01T00:00:03.039+0000] {taskinstance.py:1279} INFO - 
--------------------------------------------------------------------------------
[2023-03-01T00:00:03.039+0000] {taskinstance.py:1280} INFO - Starting attempt 1 of 1
[2023-03-01T00:00:03.040+0000] {taskinstance.py:1281} INFO - 
--------------------------------------------------------------------------------
[2023-03-01T00:00:03.129+0000] {taskinstance.py:1300} INFO - Executing <Task(BashOperator): print_date> on 2023-02-28 00:00:00+00:00
[2023-03-01T00:00:03.148+0000] {standard_task_runner.py:55} INFO - Started process 525 to run task
[2023-03-01T00:00:03.163+0000] {standard_task_runner.py:82} INFO - Running: ['***', 'tasks', 'run', 'save_date_in_file_txt', 'print_date', 'scheduled__2023-02-28T00:00:00+00:00', '--job-id', '25', '--raw', '--subdir', 'DAGS_FOLDER/print_date_file.py', '--cfg-path', '/tmp/tmp5f8pglm1']
[2023-03-01T00:00:03.164+0000] {standard_task_runner.py:83} INFO - Job 25: Subtask print_date
[2023-03-01T00:00:03.469+0000] {task_command.py:388} INFO - Running <TaskInstance: save_date_in_file_txt.print_date scheduled__2023-02-28T00:00:00+00:00 [running]> on host 2b079ebcb28b
[2023-03-01T00:00:03.840+0000] {taskinstance.py:1509} INFO - Exporting the following env vars:
AIRFLOW_CTX_DAG_OWNER=***
AIRFLOW_CTX_DAG_ID=save_date_in_file_txt
AIRFLOW_CTX_TASK_ID=print_date
AIRFLOW_CTX_EXECUTION_DATE=2023-02-28T00:00:00+00:00
AIRFLOW_CTX_TRY_NUMBER=1
AIRFLOW_CTX_DAG_RUN_ID=scheduled__2023-02-28T00:00:00+00:00
[2023-03-01T00:00:03.844+0000] {subprocess.py:63} INFO - Tmp dir root location: 
 /tmp
[2023-03-01T00:00:03.845+0000] {subprocess.py:75} INFO - Running command: ['/bin/bash', '-c', 'date']
[2023-03-01T00:00:03.921+0000] {subprocess.py:86} INFO - Output:
[2023-03-01T00:00:03.943+0000] {subprocess.py:93} INFO - Wed Mar  1 00:00:03 UTC 2023
[2023-03-01T00:00:03.944+0000] {subprocess.py:97} INFO - Command exited with return code 0
[2023-03-01T00:00:04.070+0000] {taskinstance.py:1323} INFO - Marking task as SUCCESS. dag_id=save_date_in_file_txt, task_id=print_date, execution_date=20230228T000000, start_date=20230301T000002, end_date=20230301T000004
[2023-03-01T00:00:04.139+0000] {local_task_job.py:208} INFO - Task exited with return code 0
[2023-03-01T00:00:04.247+0000] {taskinstance.py:2578} INFO - 1 downstream tasks scheduled from follow-on schedule check
[2023-03-01T00:45:11.538+0000] {taskinstance.py:1083} INFO - Dependencies all met for <TaskInstance: save_date_in_file_txt.print_date scheduled__2023-02-28T00:00:00+00:00 [queued]>
[2023-03-01T00:45:11.572+0000] {taskinstance.py:1083} INFO - Dependencies all met for <TaskInstance: save_date_in_file_txt.print_date scheduled__2023-02-28T00:00:00+00:00 [queued]>
[2023-03-01T00:45:11.572+0000] {taskinstance.py:1279} INFO - 
--------------------------------------------------------------------------------
[2023-03-01T00:45:11.573+0000] {taskinstance.py:1280} INFO - Starting attempt 1 of 1
[2023-03-01T00:45:11.573+0000] {taskinstance.py:1281} INFO - 
--------------------------------------------------------------------------------
[2023-03-01T00:45:11.647+0000] {taskinstance.py:1300} INFO - Executing <Task(BashOperator): print_date> on 2023-02-28 00:00:00+00:00
[2023-03-01T00:45:11.662+0000] {standard_task_runner.py:55} INFO - Started process 104 to run task
[2023-03-01T00:45:11.670+0000] {standard_task_runner.py:82} INFO - Running: ['***', 'tasks', 'run', 'save_date_in_file_txt', 'print_date', 'scheduled__2023-02-28T00:00:00+00:00', '--job-id', '33', '--raw', '--subdir', 'DAGS_FOLDER/print_date_file.py', '--cfg-path', '/tmp/tmpwxlslmyp']
[2023-03-01T00:45:11.671+0000] {standard_task_runner.py:83} INFO - Job 33: Subtask print_date
[2023-03-01T00:45:11.844+0000] {task_command.py:388} INFO - Running <TaskInstance: save_date_in_file_txt.print_date scheduled__2023-02-28T00:00:00+00:00 [running]> on host 60fce3bd3be2
[2023-03-01T00:45:12.015+0000] {taskinstance.py:1509} INFO - Exporting the following env vars:
AIRFLOW_CTX_DAG_OWNER=***
AIRFLOW_CTX_DAG_ID=save_date_in_file_txt
AIRFLOW_CTX_TASK_ID=print_date
AIRFLOW_CTX_EXECUTION_DATE=2023-02-28T00:00:00+00:00
AIRFLOW_CTX_TRY_NUMBER=1
AIRFLOW_CTX_DAG_RUN_ID=scheduled__2023-02-28T00:00:00+00:00
[2023-03-01T00:45:12.019+0000] {subprocess.py:63} INFO - Tmp dir root location: 
 /tmp
[2023-03-01T00:45:12.020+0000] {subprocess.py:75} INFO - Running command: ['/bin/bash', '-c', 'date']
[2023-03-01T00:45:12.041+0000] {subprocess.py:86} INFO - Output:
[2023-03-01T00:45:12.046+0000] {subprocess.py:93} INFO - Wed Mar  1 00:45:12 UTC 2023
[2023-03-01T00:45:12.047+0000] {subprocess.py:97} INFO - Command exited with return code 0
[2023-03-01T00:45:12.118+0000] {taskinstance.py:1323} INFO - Marking task as SUCCESS. dag_id=save_date_in_file_txt, task_id=print_date, execution_date=20230228T000000, start_date=20230301T004511, end_date=20230301T004512
[2023-03-01T00:45:12.175+0000] {local_task_job.py:208} INFO - Task exited with return code 0
[2023-03-01T00:45:12.313+0000] {taskinstance.py:2578} INFO - 1 downstream tasks scheduled from follow-on schedule check
