[2023-03-01T00:45:14.584+0000] {taskinstance.py:1083} INFO - Dependencies all met for <TaskInstance: save_date_in_file_txt.make_directory manual__2023-03-01T00:45:08.449460+00:00 [queued]>
[2023-03-01T00:45:14.654+0000] {taskinstance.py:1083} INFO - Dependencies all met for <TaskInstance: save_date_in_file_txt.make_directory manual__2023-03-01T00:45:08.449460+00:00 [queued]>
[2023-03-01T00:45:14.655+0000] {taskinstance.py:1279} INFO - 
--------------------------------------------------------------------------------
[2023-03-01T00:45:14.655+0000] {taskinstance.py:1280} INFO - Starting attempt 1 of 1
[2023-03-01T00:45:14.655+0000] {taskinstance.py:1281} INFO - 
--------------------------------------------------------------------------------
[2023-03-01T00:45:14.808+0000] {taskinstance.py:1300} INFO - Executing <Task(BashOperator): make_directory> on 2023-03-01 00:45:08.449460+00:00
[2023-03-01T00:45:14.846+0000] {standard_task_runner.py:55} INFO - Started process 119 to run task
[2023-03-01T00:45:14.880+0000] {standard_task_runner.py:82} INFO - Running: ['***', 'tasks', 'run', 'save_date_in_file_txt', 'make_directory', 'manual__2023-03-01T00:45:08.449460+00:00', '--job-id', '34', '--raw', '--subdir', 'DAGS_FOLDER/print_date_file.py', '--cfg-path', '/tmp/tmpdh75m3xa']
[2023-03-01T00:45:14.881+0000] {standard_task_runner.py:83} INFO - Job 34: Subtask make_directory
[2023-03-01T00:45:15.300+0000] {task_command.py:388} INFO - Running <TaskInstance: save_date_in_file_txt.make_directory manual__2023-03-01T00:45:08.449460+00:00 [running]> on host 60fce3bd3be2
[2023-03-01T00:45:15.707+0000] {taskinstance.py:1509} INFO - Exporting the following env vars:
AIRFLOW_CTX_DAG_OWNER=***
AIRFLOW_CTX_DAG_ID=save_date_in_file_txt
AIRFLOW_CTX_TASK_ID=make_directory
AIRFLOW_CTX_EXECUTION_DATE=2023-03-01T00:45:08.449460+00:00
AIRFLOW_CTX_TRY_NUMBER=1
AIRFLOW_CTX_DAG_RUN_ID=manual__2023-03-01T00:45:08.449460+00:00
[2023-03-01T00:45:15.709+0000] {subprocess.py:63} INFO - Tmp dir root location: 
 /tmp
[2023-03-01T00:45:15.711+0000] {subprocess.py:75} INFO - Running command: ['/bin/bash', '-c', 'mkdir -p ./data']
[2023-03-01T00:45:15.741+0000] {subprocess.py:86} INFO - Output:
[2023-03-01T00:45:15.752+0000] {subprocess.py:97} INFO - Command exited with return code 0
[2023-03-01T00:45:15.855+0000] {taskinstance.py:1323} INFO - Marking task as SUCCESS. dag_id=save_date_in_file_txt, task_id=make_directory, execution_date=20230301T004508, start_date=20230301T004514, end_date=20230301T004515
[2023-03-01T00:45:15.995+0000] {local_task_job.py:208} INFO - Task exited with return code 0
[2023-03-01T00:45:16.285+0000] {taskinstance.py:2578} INFO - 1 downstream tasks scheduled from follow-on schedule check
