[2023-02-28T01:03:36.988+0000] {taskinstance.py:1083} INFO - Dependencies all met for <TaskInstance: save_date_in_file_txt.print_date scheduled__2023-02-27T00:00:00+00:00 [queued]>
[2023-02-28T01:03:37.015+0000] {taskinstance.py:1083} INFO - Dependencies all met for <TaskInstance: save_date_in_file_txt.print_date scheduled__2023-02-27T00:00:00+00:00 [queued]>
[2023-02-28T01:03:37.015+0000] {taskinstance.py:1279} INFO - 
--------------------------------------------------------------------------------
[2023-02-28T01:03:37.015+0000] {taskinstance.py:1280} INFO - Starting attempt 1 of 1
[2023-02-28T01:03:37.016+0000] {taskinstance.py:1281} INFO - 
--------------------------------------------------------------------------------
[2023-02-28T01:03:37.053+0000] {taskinstance.py:1300} INFO - Executing <Task(BashOperator): print_date> on 2023-02-27 00:00:00+00:00
[2023-02-28T01:03:37.065+0000] {standard_task_runner.py:55} INFO - Started process 697 to run task
[2023-02-28T01:03:37.071+0000] {standard_task_runner.py:82} INFO - Running: ['***', 'tasks', 'run', 'save_date_in_file_txt', 'print_date', 'scheduled__2023-02-27T00:00:00+00:00', '--job-id', '7', '--raw', '--subdir', 'DAGS_FOLDER/print_date_file.py', '--cfg-path', '/tmp/tmp9l6akcnk']
[2023-02-28T01:03:37.072+0000] {standard_task_runner.py:83} INFO - Job 7: Subtask print_date
[2023-02-28T01:03:37.298+0000] {task_command.py:388} INFO - Running <TaskInstance: save_date_in_file_txt.print_date scheduled__2023-02-27T00:00:00+00:00 [running]> on host aca83939d072
[2023-02-28T01:03:37.607+0000] {taskinstance.py:1509} INFO - Exporting the following env vars:
AIRFLOW_CTX_DAG_OWNER=***
AIRFLOW_CTX_DAG_ID=save_date_in_file_txt
AIRFLOW_CTX_TASK_ID=print_date
AIRFLOW_CTX_EXECUTION_DATE=2023-02-27T00:00:00+00:00
AIRFLOW_CTX_TRY_NUMBER=1
AIRFLOW_CTX_DAG_RUN_ID=scheduled__2023-02-27T00:00:00+00:00
[2023-02-28T01:03:37.609+0000] {subprocess.py:63} INFO - Tmp dir root location: 
 /tmp
[2023-02-28T01:03:37.609+0000] {subprocess.py:75} INFO - Running command: ['/bin/bash', '-c', 'date']
[2023-02-28T01:03:37.645+0000] {subprocess.py:86} INFO - Output:
[2023-02-28T01:03:37.660+0000] {subprocess.py:93} INFO - Tue Feb 28 01:03:37 UTC 2023
[2023-02-28T01:03:37.661+0000] {subprocess.py:97} INFO - Command exited with return code 0
[2023-02-28T01:03:37.726+0000] {taskinstance.py:1323} INFO - Marking task as SUCCESS. dag_id=save_date_in_file_txt, task_id=print_date, execution_date=20230227T000000, start_date=20230228T010336, end_date=20230228T010337
[2023-02-28T01:03:37.803+0000] {local_task_job.py:208} INFO - Task exited with return code 0
[2023-02-28T01:03:37.895+0000] {taskinstance.py:2578} INFO - 1 downstream tasks scheduled from follow-on schedule check
[2023-03-01T00:45:11.131+0000] {taskinstance.py:1083} INFO - Dependencies all met for <TaskInstance: save_date_in_file_txt.print_date scheduled__2023-02-27T00:00:00+00:00 [queued]>
[2023-03-01T00:45:11.166+0000] {taskinstance.py:1083} INFO - Dependencies all met for <TaskInstance: save_date_in_file_txt.print_date scheduled__2023-02-27T00:00:00+00:00 [queued]>
[2023-03-01T00:45:11.167+0000] {taskinstance.py:1279} INFO - 
--------------------------------------------------------------------------------
[2023-03-01T00:45:11.167+0000] {taskinstance.py:1280} INFO - Starting attempt 1 of 1
[2023-03-01T00:45:11.167+0000] {taskinstance.py:1281} INFO - 
--------------------------------------------------------------------------------
[2023-03-01T00:45:11.204+0000] {taskinstance.py:1300} INFO - Executing <Task(BashOperator): print_date> on 2023-02-27 00:00:00+00:00
[2023-03-01T00:45:11.213+0000] {standard_task_runner.py:55} INFO - Started process 100 to run task
[2023-03-01T00:45:11.219+0000] {standard_task_runner.py:82} INFO - Running: ['***', 'tasks', 'run', 'save_date_in_file_txt', 'print_date', 'scheduled__2023-02-27T00:00:00+00:00', '--job-id', '31', '--raw', '--subdir', 'DAGS_FOLDER/print_date_file.py', '--cfg-path', '/tmp/tmprc3c22ro']
[2023-03-01T00:45:11.221+0000] {standard_task_runner.py:83} INFO - Job 31: Subtask print_date
[2023-03-01T00:45:11.359+0000] {task_command.py:388} INFO - Running <TaskInstance: save_date_in_file_txt.print_date scheduled__2023-02-27T00:00:00+00:00 [running]> on host 60fce3bd3be2
[2023-03-01T00:45:11.534+0000] {taskinstance.py:1509} INFO - Exporting the following env vars:
AIRFLOW_CTX_DAG_OWNER=***
AIRFLOW_CTX_DAG_ID=save_date_in_file_txt
AIRFLOW_CTX_TASK_ID=print_date
AIRFLOW_CTX_EXECUTION_DATE=2023-02-27T00:00:00+00:00
AIRFLOW_CTX_TRY_NUMBER=1
AIRFLOW_CTX_DAG_RUN_ID=scheduled__2023-02-27T00:00:00+00:00
[2023-03-01T00:45:11.538+0000] {subprocess.py:63} INFO - Tmp dir root location: 
 /tmp
[2023-03-01T00:45:11.539+0000] {subprocess.py:75} INFO - Running command: ['/bin/bash', '-c', 'date']
[2023-03-01T00:45:11.565+0000] {subprocess.py:86} INFO - Output:
[2023-03-01T00:45:11.574+0000] {subprocess.py:93} INFO - Wed Mar  1 00:45:11 UTC 2023
[2023-03-01T00:45:11.575+0000] {subprocess.py:97} INFO - Command exited with return code 0
[2023-03-01T00:45:11.752+0000] {taskinstance.py:1323} INFO - Marking task as SUCCESS. dag_id=save_date_in_file_txt, task_id=print_date, execution_date=20230227T000000, start_date=20230301T004511, end_date=20230301T004511
[2023-03-01T00:45:11.854+0000] {local_task_job.py:208} INFO - Task exited with return code 0
[2023-03-01T00:45:11.922+0000] {taskinstance.py:2578} INFO - 1 downstream tasks scheduled from follow-on schedule check
