[2023-03-02T21:07:31.028+0000] {taskinstance.py:1083} INFO - Dependencies all met for <TaskInstance: convert_csv_in_excel.make_directory manual__2023-03-02T21:07:28.927445+00:00 [queued]>
[2023-03-02T21:07:31.061+0000] {taskinstance.py:1083} INFO - Dependencies all met for <TaskInstance: convert_csv_in_excel.make_directory manual__2023-03-02T21:07:28.927445+00:00 [queued]>
[2023-03-02T21:07:31.061+0000] {taskinstance.py:1279} INFO - 
--------------------------------------------------------------------------------
[2023-03-02T21:07:31.061+0000] {taskinstance.py:1280} INFO - Starting attempt 1 of 1
[2023-03-02T21:07:31.062+0000] {taskinstance.py:1281} INFO - 
--------------------------------------------------------------------------------
[2023-03-02T21:07:31.097+0000] {taskinstance.py:1300} INFO - Executing <Task(BashOperator): make_directory> on 2023-03-02 21:07:28.927445+00:00
[2023-03-02T21:07:31.115+0000] {standard_task_runner.py:55} INFO - Started process 366 to run task
[2023-03-02T21:07:31.122+0000] {standard_task_runner.py:82} INFO - Running: ['***', 'tasks', 'run', 'convert_csv_in_excel', 'make_directory', 'manual__2023-03-02T21:07:28.927445+00:00', '--job-id', '107', '--raw', '--subdir', 'DAGS_FOLDER/convert_csv_in_excel.py', '--cfg-path', '/tmp/tmpd2rs7buv']
[2023-03-02T21:07:31.123+0000] {standard_task_runner.py:83} INFO - Job 107: Subtask make_directory
[2023-03-02T21:07:31.231+0000] {task_command.py:388} INFO - Running <TaskInstance: convert_csv_in_excel.make_directory manual__2023-03-02T21:07:28.927445+00:00 [running]> on host d28bc369eb67
[2023-03-02T21:07:31.378+0000] {taskinstance.py:1509} INFO - Exporting the following env vars:
AIRFLOW_CTX_DAG_OWNER=***
AIRFLOW_CTX_DAG_ID=convert_csv_in_excel
AIRFLOW_CTX_TASK_ID=make_directory
AIRFLOW_CTX_EXECUTION_DATE=2023-03-02T21:07:28.927445+00:00
AIRFLOW_CTX_TRY_NUMBER=1
AIRFLOW_CTX_DAG_RUN_ID=manual__2023-03-02T21:07:28.927445+00:00
[2023-03-02T21:07:31.382+0000] {subprocess.py:63} INFO - Tmp dir root location: 
 /tmp
[2023-03-02T21:07:31.383+0000] {subprocess.py:75} INFO - Running command: ['/bin/bash', '-c', 'mkdir -p /opt/***/data']
[2023-03-02T21:07:31.408+0000] {subprocess.py:86} INFO - Output:
[2023-03-02T21:07:31.419+0000] {subprocess.py:97} INFO - Command exited with return code 0
[2023-03-02T21:07:31.481+0000] {taskinstance.py:1323} INFO - Marking task as SUCCESS. dag_id=convert_csv_in_excel, task_id=make_directory, execution_date=20230302T210728, start_date=20230302T210731, end_date=20230302T210731
[2023-03-02T21:07:31.534+0000] {local_task_job.py:208} INFO - Task exited with return code 0
[2023-03-02T21:07:31.582+0000] {taskinstance.py:2578} INFO - 1 downstream tasks scheduled from follow-on schedule check
