[2023-03-02T21:18:44.845+0000] {taskinstance.py:1083} INFO - Dependencies all met for <TaskInstance: convert_csv_in_excel.sleep manual__2023-03-02T21:18:39.526031+00:00 [queued]>
[2023-03-02T21:18:44.864+0000] {taskinstance.py:1083} INFO - Dependencies all met for <TaskInstance: convert_csv_in_excel.sleep manual__2023-03-02T21:18:39.526031+00:00 [queued]>
[2023-03-02T21:18:44.864+0000] {taskinstance.py:1279} INFO - 
--------------------------------------------------------------------------------
[2023-03-02T21:18:44.864+0000] {taskinstance.py:1280} INFO - Starting attempt 1 of 4
[2023-03-02T21:18:44.865+0000] {taskinstance.py:1281} INFO - 
--------------------------------------------------------------------------------
[2023-03-02T21:18:44.884+0000] {taskinstance.py:1300} INFO - Executing <Task(BashOperator): sleep> on 2023-03-02 21:18:39.526031+00:00
[2023-03-02T21:18:44.892+0000] {standard_task_runner.py:55} INFO - Started process 1020 to run task
[2023-03-02T21:18:44.897+0000] {standard_task_runner.py:82} INFO - Running: ['***', 'tasks', 'run', 'convert_csv_in_excel', 'sleep', 'manual__2023-03-02T21:18:39.526031+00:00', '--job-id', '123', '--raw', '--subdir', 'DAGS_FOLDER/convert_csv_in_excel.py', '--cfg-path', '/tmp/tmpdqxfnvzz']
[2023-03-02T21:18:44.898+0000] {standard_task_runner.py:83} INFO - Job 123: Subtask sleep
[2023-03-02T21:18:44.989+0000] {task_command.py:388} INFO - Running <TaskInstance: convert_csv_in_excel.sleep manual__2023-03-02T21:18:39.526031+00:00 [running]> on host d28bc369eb67
[2023-03-02T21:18:45.148+0000] {taskinstance.py:1509} INFO - Exporting the following env vars:
AIRFLOW_CTX_DAG_OWNER=***
AIRFLOW_CTX_DAG_ID=convert_csv_in_excel
AIRFLOW_CTX_TASK_ID=sleep
AIRFLOW_CTX_EXECUTION_DATE=2023-03-02T21:18:39.526031+00:00
AIRFLOW_CTX_TRY_NUMBER=1
AIRFLOW_CTX_DAG_RUN_ID=manual__2023-03-02T21:18:39.526031+00:00
[2023-03-02T21:18:45.152+0000] {subprocess.py:63} INFO - Tmp dir root location: 
 /tmp
[2023-03-02T21:18:45.153+0000] {subprocess.py:75} INFO - Running command: ['/bin/bash', '-c', 'sleep 5']
[2023-03-02T21:18:45.180+0000] {subprocess.py:86} INFO - Output:
[2023-03-02T21:18:50.186+0000] {subprocess.py:97} INFO - Command exited with return code 0
[2023-03-02T21:18:50.239+0000] {taskinstance.py:1323} INFO - Marking task as SUCCESS. dag_id=convert_csv_in_excel, task_id=sleep, execution_date=20230302T211839, start_date=20230302T211844, end_date=20230302T211850
[2023-03-02T21:18:50.294+0000] {local_task_job.py:208} INFO - Task exited with return code 0
[2023-03-02T21:18:50.338+0000] {taskinstance.py:2578} INFO - 0 downstream tasks scheduled from follow-on schedule check
