[2023-03-02T20:33:39.098+0000] {taskinstance.py:1083} INFO - Dependencies all met for <TaskInstance: convert_csv_in_excel.main scheduled__2023-03-02T19:30:00+00:00 [queued]>
[2023-03-02T20:33:39.112+0000] {taskinstance.py:1083} INFO - Dependencies all met for <TaskInstance: convert_csv_in_excel.main scheduled__2023-03-02T19:30:00+00:00 [queued]>
[2023-03-02T20:33:39.112+0000] {taskinstance.py:1279} INFO - 
--------------------------------------------------------------------------------
[2023-03-02T20:33:39.112+0000] {taskinstance.py:1280} INFO - Starting attempt 1 of 1
[2023-03-02T20:33:39.112+0000] {taskinstance.py:1281} INFO - 
--------------------------------------------------------------------------------
[2023-03-02T20:33:39.130+0000] {taskinstance.py:1300} INFO - Executing <Task(PythonOperator): main> on 2023-03-02 19:30:00+00:00
[2023-03-02T20:33:39.139+0000] {standard_task_runner.py:55} INFO - Started process 280 to run task
[2023-03-02T20:33:39.143+0000] {standard_task_runner.py:82} INFO - Running: ['***', 'tasks', 'run', 'convert_csv_in_excel', 'main', 'scheduled__2023-03-02T19:30:00+00:00', '--job-id', '98', '--raw', '--subdir', 'DAGS_FOLDER/convert_csv_in_excel.py', '--cfg-path', '/tmp/tmpz54t60d5']
[2023-03-02T20:33:39.144+0000] {standard_task_runner.py:83} INFO - Job 98: Subtask main
[2023-03-02T20:33:39.220+0000] {task_command.py:388} INFO - Running <TaskInstance: convert_csv_in_excel.main scheduled__2023-03-02T19:30:00+00:00 [running]> on host d28bc369eb67
[2023-03-02T20:33:39.315+0000] {taskinstance.py:1509} INFO - Exporting the following env vars:
AIRFLOW_CTX_DAG_OWNER=***
AIRFLOW_CTX_DAG_ID=convert_csv_in_excel
AIRFLOW_CTX_TASK_ID=main
AIRFLOW_CTX_EXECUTION_DATE=2023-03-02T19:30:00+00:00
AIRFLOW_CTX_TRY_NUMBER=1
AIRFLOW_CTX_DAG_RUN_ID=scheduled__2023-03-02T19:30:00+00:00
[2023-03-02T20:33:40.413+0000] {warnings.py:110} WARNING - /home/***/.local/lib/python3.7/site-packages/***/operators/python.py:192: DtypeWarning: Columns (7,8,11,13,31,43,44) have mixed types.Specify dtype option on import or set low_memory=False.
  return self.python_callable(*self.op_args, **self.op_kwargs)

[2023-03-02T20:33:40.554+0000] {python.py:177} INFO - Done. Returned value was: Read!!!!
[2023-03-02T20:33:40.626+0000] {taskinstance.py:1323} INFO - Marking task as SUCCESS. dag_id=convert_csv_in_excel, task_id=main, execution_date=20230302T193000, start_date=20230302T203339, end_date=20230302T203340
[2023-03-02T20:33:40.697+0000] {local_task_job.py:208} INFO - Task exited with return code 0
[2023-03-02T20:33:40.768+0000] {taskinstance.py:2578} INFO - 1 downstream tasks scheduled from follow-on schedule check
