[2023-02-28T01:03:35.956+0000] {taskinstance.py:1083} INFO - Dependencies all met for <TaskInstance: save_date_in_file_txt.print_date scheduled__2023-02-26T00:00:00+00:00 [queued]>
[2023-02-28T01:03:35.991+0000] {taskinstance.py:1083} INFO - Dependencies all met for <TaskInstance: save_date_in_file_txt.print_date scheduled__2023-02-26T00:00:00+00:00 [queued]>
[2023-02-28T01:03:35.991+0000] {taskinstance.py:1279} INFO - 
--------------------------------------------------------------------------------
[2023-02-28T01:03:35.991+0000] {taskinstance.py:1280} INFO - Starting attempt 1 of 1
[2023-02-28T01:03:35.991+0000] {taskinstance.py:1281} INFO - 
--------------------------------------------------------------------------------
[2023-02-28T01:03:36.038+0000] {taskinstance.py:1300} INFO - Executing <Task(BashOperator): print_date> on 2023-02-26 00:00:00+00:00
[2023-02-28T01:03:36.051+0000] {standard_task_runner.py:55} INFO - Started process 694 to run task
[2023-02-28T01:03:36.056+0000] {standard_task_runner.py:82} INFO - Running: ['***', 'tasks', 'run', 'save_date_in_file_txt', 'print_date', 'scheduled__2023-02-26T00:00:00+00:00', '--job-id', '6', '--raw', '--subdir', 'DAGS_FOLDER/print_date_file.py', '--cfg-path', '/tmp/tmpp4sofree']
[2023-02-28T01:03:36.057+0000] {standard_task_runner.py:83} INFO - Job 6: Subtask print_date
[2023-02-28T01:03:36.229+0000] {task_command.py:388} INFO - Running <TaskInstance: save_date_in_file_txt.print_date scheduled__2023-02-26T00:00:00+00:00 [running]> on host aca83939d072
[2023-02-28T01:03:36.714+0000] {taskinstance.py:1509} INFO - Exporting the following env vars:
AIRFLOW_CTX_DAG_OWNER=***
AIRFLOW_CTX_DAG_ID=save_date_in_file_txt
AIRFLOW_CTX_TASK_ID=print_date
AIRFLOW_CTX_EXECUTION_DATE=2023-02-26T00:00:00+00:00
AIRFLOW_CTX_TRY_NUMBER=1
AIRFLOW_CTX_DAG_RUN_ID=scheduled__2023-02-26T00:00:00+00:00
[2023-02-28T01:03:36.716+0000] {subprocess.py:63} INFO - Tmp dir root location: 
 /tmp
[2023-02-28T01:03:36.717+0000] {subprocess.py:75} INFO - Running command: ['/bin/bash', '-c', 'date']
[2023-02-28T01:03:36.755+0000] {subprocess.py:86} INFO - Output:
[2023-02-28T01:03:36.763+0000] {subprocess.py:93} INFO - Tue Feb 28 01:03:36 UTC 2023
[2023-02-28T01:03:36.764+0000] {subprocess.py:97} INFO - Command exited with return code 0
[2023-02-28T01:03:36.833+0000] {taskinstance.py:1323} INFO - Marking task as SUCCESS. dag_id=save_date_in_file_txt, task_id=print_date, execution_date=20230226T000000, start_date=20230228T010335, end_date=20230228T010336
[2023-02-28T01:03:36.887+0000] {local_task_job.py:208} INFO - Task exited with return code 0
[2023-02-28T01:03:36.960+0000] {taskinstance.py:2578} INFO - 1 downstream tasks scheduled from follow-on schedule check
