[2023-03-02T21:12:58.706+0000] {taskinstance.py:1083} INFO - Dependencies all met for <TaskInstance: convert_csv_in_excel.make_directory manual__2023-03-02T21:12:55.371799+00:00 [queued]>
[2023-03-02T21:12:58.727+0000] {taskinstance.py:1083} INFO - Dependencies all met for <TaskInstance: convert_csv_in_excel.make_directory manual__2023-03-02T21:12:55.371799+00:00 [queued]>
[2023-03-02T21:12:58.728+0000] {taskinstance.py:1279} INFO - 
--------------------------------------------------------------------------------
[2023-03-02T21:12:58.729+0000] {taskinstance.py:1280} INFO - Starting attempt 1 of 1
[2023-03-02T21:12:58.729+0000] {taskinstance.py:1281} INFO - 
--------------------------------------------------------------------------------
[2023-03-02T21:12:58.769+0000] {taskinstance.py:1300} INFO - Executing <Task(BashOperator): make_directory> on 2023-03-02 21:12:55.371799+00:00
[2023-03-02T21:12:58.788+0000] {standard_task_runner.py:55} INFO - Started process 693 to run task
[2023-03-02T21:12:58.802+0000] {standard_task_runner.py:82} INFO - Running: ['***', 'tasks', 'run', 'convert_csv_in_excel', 'make_directory', 'manual__2023-03-02T21:12:55.371799+00:00', '--job-id', '117', '--raw', '--subdir', 'DAGS_FOLDER/convert_csv_in_excel.py', '--cfg-path', '/tmp/tmpqcf2niqg']
[2023-03-02T21:12:58.803+0000] {standard_task_runner.py:83} INFO - Job 117: Subtask make_directory
[2023-03-02T21:12:58.992+0000] {task_command.py:388} INFO - Running <TaskInstance: convert_csv_in_excel.make_directory manual__2023-03-02T21:12:55.371799+00:00 [running]> on host d28bc369eb67
[2023-03-02T21:12:59.263+0000] {taskinstance.py:1509} INFO - Exporting the following env vars:
AIRFLOW_CTX_DAG_OWNER=***
AIRFLOW_CTX_DAG_ID=convert_csv_in_excel
AIRFLOW_CTX_TASK_ID=make_directory
AIRFLOW_CTX_EXECUTION_DATE=2023-03-02T21:12:55.371799+00:00
AIRFLOW_CTX_TRY_NUMBER=1
AIRFLOW_CTX_DAG_RUN_ID=manual__2023-03-02T21:12:55.371799+00:00
[2023-03-02T21:12:59.273+0000] {subprocess.py:63} INFO - Tmp dir root location: 
 /tmp
[2023-03-02T21:12:59.274+0000] {subprocess.py:75} INFO - Running command: ['/bin/bash', '-c', 'mkdir -p /opt/***/data']
[2023-03-02T21:12:59.363+0000] {subprocess.py:86} INFO - Output:
[2023-03-02T21:12:59.407+0000] {subprocess.py:97} INFO - Command exited with return code 0
[2023-03-02T21:12:59.515+0000] {taskinstance.py:1323} INFO - Marking task as SUCCESS. dag_id=convert_csv_in_excel, task_id=make_directory, execution_date=20230302T211255, start_date=20230302T211258, end_date=20230302T211259
[2023-03-02T21:12:59.578+0000] {local_task_job.py:208} INFO - Task exited with return code 0
[2023-03-02T21:12:59.643+0000] {taskinstance.py:2578} INFO - 1 downstream tasks scheduled from follow-on schedule check
