[2023-02-28T23:57:07.447+0000] {taskinstance.py:1083} INFO - Dependencies all met for <TaskInstance: save_date_in_file_txt.print_date manual__2023-02-28T23:57:05.252853+00:00 [queued]>
[2023-02-28T23:57:07.463+0000] {taskinstance.py:1083} INFO - Dependencies all met for <TaskInstance: save_date_in_file_txt.print_date manual__2023-02-28T23:57:05.252853+00:00 [queued]>
[2023-02-28T23:57:07.463+0000] {taskinstance.py:1279} INFO - 
--------------------------------------------------------------------------------
[2023-02-28T23:57:07.464+0000] {taskinstance.py:1280} INFO - Starting attempt 1 of 1
[2023-02-28T23:57:07.464+0000] {taskinstance.py:1281} INFO - 
--------------------------------------------------------------------------------
[2023-02-28T23:57:07.493+0000] {taskinstance.py:1300} INFO - Executing <Task(BashOperator): print_date> on 2023-02-28 23:57:05.252853+00:00
[2023-02-28T23:57:07.501+0000] {standard_task_runner.py:55} INFO - Started process 366 to run task
[2023-02-28T23:57:07.504+0000] {standard_task_runner.py:82} INFO - Running: ['***', 'tasks', 'run', 'save_date_in_file_txt', 'print_date', 'manual__2023-02-28T23:57:05.252853+00:00', '--job-id', '21', '--raw', '--subdir', 'DAGS_FOLDER/print_date_file.py', '--cfg-path', '/tmp/tmps8drk5d5']
[2023-02-28T23:57:07.505+0000] {standard_task_runner.py:83} INFO - Job 21: Subtask print_date
[2023-02-28T23:57:07.645+0000] {task_command.py:388} INFO - Running <TaskInstance: save_date_in_file_txt.print_date manual__2023-02-28T23:57:05.252853+00:00 [running]> on host 2b079ebcb28b
[2023-02-28T23:57:07.789+0000] {taskinstance.py:1509} INFO - Exporting the following env vars:
AIRFLOW_CTX_DAG_OWNER=***
AIRFLOW_CTX_DAG_ID=save_date_in_file_txt
AIRFLOW_CTX_TASK_ID=print_date
AIRFLOW_CTX_EXECUTION_DATE=2023-02-28T23:57:05.252853+00:00
AIRFLOW_CTX_TRY_NUMBER=1
AIRFLOW_CTX_DAG_RUN_ID=manual__2023-02-28T23:57:05.252853+00:00
[2023-02-28T23:57:07.791+0000] {subprocess.py:63} INFO - Tmp dir root location: 
 /tmp
[2023-02-28T23:57:07.792+0000] {subprocess.py:75} INFO - Running command: ['/bin/bash', '-c', 'date']
[2023-02-28T23:57:07.838+0000] {subprocess.py:86} INFO - Output:
[2023-02-28T23:57:07.844+0000] {subprocess.py:93} INFO - Tue Feb 28 23:57:07 UTC 2023
[2023-02-28T23:57:07.847+0000] {subprocess.py:97} INFO - Command exited with return code 0
[2023-02-28T23:57:07.907+0000] {taskinstance.py:1323} INFO - Marking task as SUCCESS. dag_id=save_date_in_file_txt, task_id=print_date, execution_date=20230228T235705, start_date=20230228T235707, end_date=20230228T235707
[2023-02-28T23:57:07.961+0000] {local_task_job.py:208} INFO - Task exited with return code 0
[2023-02-28T23:57:08.034+0000] {taskinstance.py:2578} INFO - 1 downstream tasks scheduled from follow-on schedule check
