[2023-03-02T20:23:20.914+0000] {taskinstance.py:1083} INFO - Dependencies all met for <TaskInstance: convert_csv_in_excel.make_directory scheduled__2023-03-02T18:30:00+00:00 [queued]>
[2023-03-02T20:23:20.932+0000] {taskinstance.py:1083} INFO - Dependencies all met for <TaskInstance: convert_csv_in_excel.make_directory scheduled__2023-03-02T18:30:00+00:00 [queued]>
[2023-03-02T20:23:20.932+0000] {taskinstance.py:1279} INFO - 
--------------------------------------------------------------------------------
[2023-03-02T20:23:20.933+0000] {taskinstance.py:1280} INFO - Starting attempt 1 of 1
[2023-03-02T20:23:20.933+0000] {taskinstance.py:1281} INFO - 
--------------------------------------------------------------------------------
[2023-03-02T20:23:20.971+0000] {taskinstance.py:1300} INFO - Executing <Task(BashOperator): make_directory> on 2023-03-02 18:30:00+00:00
[2023-03-02T20:23:20.982+0000] {standard_task_runner.py:55} INFO - Started process 1338 to run task
[2023-03-02T20:23:20.992+0000] {standard_task_runner.py:82} INFO - Running: ['***', 'tasks', 'run', 'convert_csv_in_excel', 'make_directory', 'scheduled__2023-03-02T18:30:00+00:00', '--job-id', '61', '--raw', '--subdir', 'DAGS_FOLDER/convert_csv_in_excel.py', '--cfg-path', '/tmp/tmpxad44lvr']
[2023-03-02T20:23:20.993+0000] {standard_task_runner.py:83} INFO - Job 61: Subtask make_directory
[2023-03-02T20:23:21.127+0000] {task_command.py:388} INFO - Running <TaskInstance: convert_csv_in_excel.make_directory scheduled__2023-03-02T18:30:00+00:00 [running]> on host d28bc369eb67
[2023-03-02T20:23:21.267+0000] {taskinstance.py:1509} INFO - Exporting the following env vars:
AIRFLOW_CTX_DAG_OWNER=***
AIRFLOW_CTX_DAG_ID=convert_csv_in_excel
AIRFLOW_CTX_TASK_ID=make_directory
AIRFLOW_CTX_EXECUTION_DATE=2023-03-02T18:30:00+00:00
AIRFLOW_CTX_TRY_NUMBER=1
AIRFLOW_CTX_DAG_RUN_ID=scheduled__2023-03-02T18:30:00+00:00
[2023-03-02T20:23:21.271+0000] {subprocess.py:63} INFO - Tmp dir root location: 
 /tmp
[2023-03-02T20:23:21.271+0000] {subprocess.py:75} INFO - Running command: ['/bin/bash', '-c', 'mkdir -p /opt/***/data']
[2023-03-02T20:23:21.298+0000] {subprocess.py:86} INFO - Output:
[2023-03-02T20:23:21.305+0000] {subprocess.py:97} INFO - Command exited with return code 0
[2023-03-02T20:23:21.364+0000] {taskinstance.py:1323} INFO - Marking task as SUCCESS. dag_id=convert_csv_in_excel, task_id=make_directory, execution_date=20230302T183000, start_date=20230302T202320, end_date=20230302T202321
[2023-03-02T20:23:21.443+0000] {local_task_job.py:208} INFO - Task exited with return code 0
[2023-03-02T20:23:21.540+0000] {taskinstance.py:2578} INFO - 1 downstream tasks scheduled from follow-on schedule check
[2023-03-02T20:24:45.650+0000] {taskinstance.py:1083} INFO - Dependencies all met for <TaskInstance: convert_csv_in_excel.make_directory scheduled__2023-03-02T18:30:00+00:00 [queued]>
[2023-03-02T20:24:45.683+0000] {taskinstance.py:1083} INFO - Dependencies all met for <TaskInstance: convert_csv_in_excel.make_directory scheduled__2023-03-02T18:30:00+00:00 [queued]>
[2023-03-02T20:24:45.684+0000] {taskinstance.py:1279} INFO - 
--------------------------------------------------------------------------------
[2023-03-02T20:24:45.684+0000] {taskinstance.py:1280} INFO - Starting attempt 1 of 1
[2023-03-02T20:24:45.684+0000] {taskinstance.py:1281} INFO - 
--------------------------------------------------------------------------------
[2023-03-02T20:24:45.720+0000] {taskinstance.py:1300} INFO - Executing <Task(BashOperator): make_directory> on 2023-03-02 18:30:00+00:00
[2023-03-02T20:24:45.728+0000] {standard_task_runner.py:55} INFO - Started process 1432 to run task
[2023-03-02T20:24:45.736+0000] {standard_task_runner.py:82} INFO - Running: ['***', 'tasks', 'run', 'convert_csv_in_excel', 'make_directory', 'scheduled__2023-03-02T18:30:00+00:00', '--job-id', '66', '--raw', '--subdir', 'DAGS_FOLDER/convert_csv_in_excel.py', '--cfg-path', '/tmp/tmplmv1hlag']
[2023-03-02T20:24:45.737+0000] {standard_task_runner.py:83} INFO - Job 66: Subtask make_directory
[2023-03-02T20:24:45.875+0000] {task_command.py:388} INFO - Running <TaskInstance: convert_csv_in_excel.make_directory scheduled__2023-03-02T18:30:00+00:00 [running]> on host d28bc369eb67
[2023-03-02T20:24:46.039+0000] {taskinstance.py:1509} INFO - Exporting the following env vars:
AIRFLOW_CTX_DAG_OWNER=***
AIRFLOW_CTX_DAG_ID=convert_csv_in_excel
AIRFLOW_CTX_TASK_ID=make_directory
AIRFLOW_CTX_EXECUTION_DATE=2023-03-02T18:30:00+00:00
AIRFLOW_CTX_TRY_NUMBER=1
AIRFLOW_CTX_DAG_RUN_ID=scheduled__2023-03-02T18:30:00+00:00
[2023-03-02T20:24:46.043+0000] {subprocess.py:63} INFO - Tmp dir root location: 
 /tmp
[2023-03-02T20:24:46.044+0000] {subprocess.py:75} INFO - Running command: ['/bin/bash', '-c', 'mkdir -p /opt/***/data']
[2023-03-02T20:24:46.069+0000] {subprocess.py:86} INFO - Output:
[2023-03-02T20:24:46.075+0000] {subprocess.py:97} INFO - Command exited with return code 0
[2023-03-02T20:24:46.120+0000] {taskinstance.py:1323} INFO - Marking task as SUCCESS. dag_id=convert_csv_in_excel, task_id=make_directory, execution_date=20230302T183000, start_date=20230302T202445, end_date=20230302T202446
[2023-03-02T20:24:46.149+0000] {local_task_job.py:208} INFO - Task exited with return code 0
[2023-03-02T20:24:46.211+0000] {taskinstance.py:2578} INFO - 1 downstream tasks scheduled from follow-on schedule check
